2015-11-05 12:54:06 [DEBUG] [166] [Product::query] 查询商品SQL: select p.product_id, p.product_no, p.product_name, p.sort_id, p.order_no, p.m_image, p.ali_url,p.is_recommend, p.is_showhome, p.rec_date, s.sort_name from product p left join p_sort s on p.sort_id = s.sort_id where 1=1 and p.is_showhome=1 order by p.rec_date desc limit 15
2015-11-05 12:54:07 [DEBUG] [191] [Product::query] 查询商品15条.
2015-11-05 12:54:07 [INFO] [272] [Content::query2] 
=============Content 查询==============
contentId:
contentType:news
contentKey:
querySize:10
isPaging:
curPage:
2015-11-05 12:54:07 [DEBUG] [377] [Content::queryAll] 查询所有Content数据: select content_id, content_type, content_key, content, subject, m_image, rec_date from content where 1 = 1 order by rec_date desc
2015-11-05 12:54:08 [DEBUG] [166] [Product::query] 查询商品SQL: select p.product_id, p.product_no, p.product_name, p.sort_id, p.order_no, p.m_image, p.ali_url,p.is_recommend, p.is_showhome, p.rec_date, s.sort_name from product p left join p_sort s on p.sort_id = s.sort_id where 1=1 and p.is_showhome=1 order by p.rec_date desc limit 15
2015-11-05 12:54:08 [DEBUG] [399] [Content::queryAll] 查询所有Content数据81条.
2015-11-05 12:54:08 [DEBUG] [355] [Content::query2] 查询文本内容10条.
2015-11-05 12:54:08 [INFO] [272] [Content::query2] 
=============Content 查询==============
contentId:
contentType:case
contentKey:
querySize:10
isPaging:
curPage:
2015-11-05 12:54:08 [DEBUG] [355] [Content::query2] 查询文本内容10条.
2015-11-05 12:54:08 [INFO] [272] [Content::query2] 
=============Content 查询==============
contentId:
contentType:company
contentKey:site_name
querySize:0
isPaging:
curPage:
2015-11-05 12:54:08 [DEBUG] [355] [Content::query2] 查询文本内容1条.
2015-11-05 12:54:08 [INFO] [272] [Content::query2] 
=============Content 查询==============
contentId:
contentType:company
contentKey: seo_key
querySize:0
isPaging:
curPage:
2015-11-05 12:54:08 [DEBUG] [355] [Content::query2] 查询文本内容0条.
2015-11-05 12:54:08 [INFO] [272] [Content::query2] 
=============Content 查询==============
contentId:
contentType:company
contentKey: site_desc
querySize:0
isPaging:
curPage:
2015-11-05 12:54:08 [DEBUG] [355] [Content::query2] 查询文本内容0条.
2015-11-05 12:54:08 [INFO] [272] [Content::query2] 
=============Content 查询==============
contentId:
contentType:company
contentKey:brand_recommend
querySize:0
isPaging:
curPage:
2015-11-05 12:54:08 [DEBUG] [355] [Content::query2] 查询文本内容4条.
2015-11-05 12:54:08 [INFO] [272] [Content::query2] 
=============Content 查询==============
contentId:
contentType:company
contentKey:site_notice
querySize:0
isPaging:
curPage:
2015-11-05 12:54:08 [DEBUG] [355] [Content::query2] 查询文本内容1条.
2015-11-05 12:54:08 [DEBUG] [184] [DocFile::query] 查询文件SQL: select file_id, file_key, in_module, saved_path, showed_name, ext_name, file_url, file_desc, rec_date, file_sort from doc_file where 1=1 and in_module='company' and file_key='company_banner' order by rec_date desc
2015-11-05 12:54:09 [DEBUG] [191] [Product::query] 查询商品15条.
2015-11-05 12:54:09 [INFO] [272] [Content::query2] 
=============Content 查询==============
contentId:
contentType:news
contentKey:
querySize:10
isPaging:
curPage:
2015-11-05 12:54:09 [DEBUG] [377] [Content::queryAll] 查询所有Content数据: select content_id, content_type, content_key, content, subject, m_image, rec_date from content where 1 = 1 order by rec_date desc
2015-11-05 12:54:09 [DEBUG] [208] [DocFile::query] 查询文件3条记录.
2015-11-05 12:54:09 [INFO] [272] [Content::query2] 
=============Content 查询==============
contentId:
contentType:company
contentKey:site_desc
querySize:0
isPaging:
curPage:
2015-11-05 12:54:09 [DEBUG] [355] [Content::query2] 查询文本内容1条.
2015-11-05 12:54:09 [INFO] [272] [Content::query2] 
=============Content 查询==============
contentId:
contentType:company
contentKey:site_desc
querySize:0
isPaging:
curPage:
2015-11-05 12:54:09 [DEBUG] [355] [Content::query2] 查询文本内容1条.
2015-11-05 12:54:09 [INFO] [272] [Content::query2] 
=============Content 查询==============
contentId:
contentType:company
contentKey:site_desc
querySize:0
isPaging:
curPage:
2015-11-05 12:54:09 [DEBUG] [355] [Content::query2] 查询文本内容1条.
2015-11-05 12:54:09 [INFO] [77] [DocFile::cache] Cache content data
2015-11-05 12:54:09 [DEBUG] [184] [DocFile::query] 查询文件SQL: select file_id, file_key, in_module, saved_path, showed_name, ext_name, file_url, file_desc, rec_date, file_sort from doc_file where 1=1 and in_module='company' order by rec_date desc
2015-11-05 12:54:10 [DEBUG] [399] [Content::queryAll] 查询所有Content数据81条.
2015-11-05 12:54:10 [DEBUG] [355] [Content::query2] 查询文本内容10条.
2015-11-05 12:54:10 [INFO] [272] [Content::query2] 
=============Content 查询==============
contentId:
contentType:case
contentKey:
querySize:10
isPaging:
curPage:
2015-11-05 12:54:10 [DEBUG] [355] [Content::query2] 查询文本内容10条.
2015-11-05 12:54:10 [INFO] [272] [Content::query2] 
=============Content 查询==============
contentId:
contentType:company
contentKey:site_name
querySize:0
isPaging:
curPage:
2015-11-05 12:54:10 [DEBUG] [355] [Content::query2] 查询文本内容1条.
2015-11-05 12:54:10 [INFO] [272] [Content::query2] 
=============Content 查询==============
contentId:
contentType:company
contentKey: seo_key
querySize:0
isPaging:
curPage:
2015-11-05 12:54:10 [DEBUG] [355] [Content::query2] 查询文本内容0条.
2015-11-05 12:54:10 [INFO] [272] [Content::query2] 
=============Content 查询==============
contentId:
contentType:company
contentKey: site_desc
querySize:0
isPaging:
curPage:
2015-11-05 12:54:10 [DEBUG] [355] [Content::query2] 查询文本内容0条.
2015-11-05 12:54:10 [INFO] [272] [Content::query2] 
=============Content 查询==============
contentId:
contentType:company
contentKey:brand_recommend
querySize:0
isPaging:
curPage:
2015-11-05 12:54:10 [DEBUG] [355] [Content::query2] 查询文本内容4条.
2015-11-05 12:54:10 [INFO] [272] [Content::query2] 
=============Content 查询==============
contentId:
contentType:company
contentKey:site_notice
querySize:0
isPaging:
curPage:
2015-11-05 12:54:10 [DEBUG] [355] [Content::query2] 查询文本内容1条.
2015-11-05 12:54:10 [DEBUG] [184] [DocFile::query] 查询文件SQL: select file_id, file_key, in_module, saved_path, showed_name, ext_name, file_url, file_desc, rec_date, file_sort from doc_file where 1=1 and in_module='company' and file_key='company_banner' order by rec_date desc
2015-11-05 12:54:10 [DEBUG] [208] [DocFile::query] 查询文件7条记录.
2015-11-05 12:54:10 [DEBUG] [0] [===test===] site_banner
2015-11-05 12:54:10 [DEBUG] [0] [===test===] company_links
2015-11-05 12:54:10 [DEBUG] [0] [===test===] company_links
2015-11-05 12:54:10 [DEBUG] [0] [===test===] company_links
2015-11-05 12:54:10 [DEBUG] [0] [===test===] company_barcode
2015-11-05 12:54:10 [DEBUG] [0] [===test===] company_banner
2015-11-05 12:54:10 [DEBUG] [0] [===test===] company_banner
2015-11-05 12:54:10 [DEBUG] [0] [===test===] company_banner
2015-11-05 12:54:10 [INFO] [272] [Content::query2] 
=============Content 查询==============
contentId:
contentType:company
contentKey:hot_search
querySize:0
isPaging:
curPage:
2015-11-05 12:54:10 [DEBUG] [355] [Content::query2] 查询文本内容0条.
2015-11-05 12:54:10 [DEBUG] [184] [DocFile::query] 查询文件SQL: select file_id, file_key, in_module, saved_path, showed_name, ext_name, file_url, file_desc, rec_date, file_sort from doc_file where 1=1 and in_module='company' and file_key='company_barcode' order by rec_date desc
2015-11-05 12:54:11 [DEBUG] [208] [DocFile::query] 查询文件3条记录.
2015-11-05 12:54:11 [INFO] [272] [Content::query2] 
=============Content 查询==============
contentId:
contentType:company
contentKey:site_desc
querySize:0
isPaging:
curPage:
2015-11-05 12:54:11 [DEBUG] [355] [Content::query2] 查询文本内容1条.
2015-11-05 12:54:11 [INFO] [272] [Content::query2] 
=============Content 查询==============
contentId:
contentType:company
contentKey:site_desc
querySize:0
isPaging:
curPage:
2015-11-05 12:54:11 [DEBUG] [355] [Content::query2] 查询文本内容1条.
2015-11-05 12:54:11 [INFO] [272] [Content::query2] 
=============Content 查询==============
contentId:
contentType:company
contentKey:site_desc
querySize:0
isPaging:
curPage:
2015-11-05 12:54:11 [DEBUG] [355] [Content::query2] 查询文本内容1条.
2015-11-05 12:54:11 [INFO] [77] [DocFile::cache] Cache content data
2015-11-05 12:54:11 [DEBUG] [184] [DocFile::query] 查询文件SQL: select file_id, file_key, in_module, saved_path, showed_name, ext_name, file_url, file_desc, rec_date, file_sort from doc_file where 1=1 and in_module='company' order by rec_date desc
2015-11-05 12:54:11 [DEBUG] [208] [DocFile::query] 查询文件1条记录.
2015-11-05 12:54:11 [DEBUG] [166] [Product::query] 查询商品SQL: select p.product_id, p.product_no, p.product_name, p.sort_id, p.order_no, p.m_image, p.ali_url,p.is_recommend, p.is_showhome, p.rec_date, s.sort_name from product p left join p_sort s on p.sort_id = s.sort_id where 1=1 and p.is_recommend=1 order by p.rec_date desc limit 10
2015-11-05 12:54:12 [DEBUG] [208] [DocFile::query] 查询文件7条记录.
2015-11-05 12:54:12 [DEBUG] [0] [===test===] site_banner
2015-11-05 12:54:12 [DEBUG] [0] [===test===] company_links
2015-11-05 12:54:12 [DEBUG] [0] [===test===] company_links
2015-11-05 12:54:12 [DEBUG] [0] [===test===] company_links
2015-11-05 12:54:12 [DEBUG] [0] [===test===] company_barcode
2015-11-05 12:54:12 [DEBUG] [0] [===test===] company_banner
2015-11-05 12:54:12 [DEBUG] [0] [===test===] company_banner
2015-11-05 12:54:12 [DEBUG] [0] [===test===] company_banner
2015-11-05 12:54:12 [INFO] [272] [Content::query2] 
=============Content 查询==============
contentId:
contentType:company
contentKey:hot_search
querySize:0
isPaging:
curPage:
2015-11-05 12:54:12 [DEBUG] [355] [Content::query2] 查询文本内容0条.
2015-11-05 12:54:12 [DEBUG] [184] [DocFile::query] 查询文件SQL: select file_id, file_key, in_module, saved_path, showed_name, ext_name, file_url, file_desc, rec_date, file_sort from doc_file where 1=1 and in_module='company' and file_key='company_barcode' order by rec_date desc
2015-11-05 12:54:12 [DEBUG] [191] [Product::query] 查询商品10条.
2015-11-05 12:54:12 [DEBUG] [140] [Sort::query] 查询商品类型SQL: select sort_id, sort_name from p_sort where 1=1 order by rec_date desc limit 25
2015-11-05 12:54:13 [DEBUG] [208] [DocFile::query] 查询文件1条记录.
2015-11-05 12:54:13 [DEBUG] [166] [Product::query] 查询商品SQL: select p.product_id, p.product_no, p.product_name, p.sort_id, p.order_no, p.m_image, p.ali_url,p.is_recommend, p.is_showhome, p.rec_date, s.sort_name from product p left join p_sort s on p.sort_id = s.sort_id where 1=1 and p.is_recommend=1 order by p.rec_date desc limit 10
2015-11-05 12:54:13 [DEBUG] [156] [Sort::query] 查询商品类型11条.
2015-11-05 12:54:13 [INFO] [272] [Content::query2] 
=============Content 查询==============
contentId:
contentType:company
contentKey:company_name
querySize:0
isPaging:
curPage:
2015-11-05 12:54:13 [DEBUG] [355] [Content::query2] 查询文本内容1条.
2015-11-05 12:54:13 [INFO] [272] [Content::query2] 
=============Content 查询==============
contentId:
contentType:company
contentKey:company_qq
querySize:0
isPaging:
curPage:
2015-11-05 12:54:13 [DEBUG] [355] [Content::query2] 查询文本内容1条.
2015-11-05 12:54:13 [INFO] [272] [Content::query2] 
=============Content 查询==============
contentId:
contentType:company
contentKey:official_site
querySize:0
isPaging:
curPage:
2015-11-05 12:54:13 [DEBUG] [355] [Content::query2] 查询文本内容1条.
2015-11-05 12:54:13 [INFO] [272] [Content::query2] 
=============Content 查询==============
contentId:
contentType:company
contentKey:ali_wangwang
querySize:0
isPaging:
curPage:
2015-11-05 12:54:13 [DEBUG] [355] [Content::query2] 查询文本内容1条.
2015-11-05 12:54:13 [INFO] [272] [Content::query2] 
=============Content 查询==============
contentId:
contentType:company
contentKey:site_desc
querySize:0
isPaging:
curPage:
2015-11-05 12:54:13 [DEBUG] [355] [Content::query2] 查询文本内容1条.
2015-11-05 12:54:13 [INFO] [272] [Content::query2] 
=============Content 查询==============
contentId:
contentType:company
contentKey:site_desc
querySize:0
isPaging:
curPage:
2015-11-05 12:54:13 [DEBUG] [355] [Content::query2] 查询文本内容1条.
2015-11-05 12:54:13 [INFO] [272] [Content::query2] 
=============Content 查询==============
contentId:
contentType:company
contentKey:contact_person
querySize:0
isPaging:
curPage:
2015-11-05 12:54:13 [DEBUG] [355] [Content::query2] 查询文本内容1条.
2015-11-05 12:54:13 [INFO] [272] [Content::query2] 
=============Content 查询==============
contentId:
contentType:company
contentKey:company_phone
querySize:0
isPaging:
curPage:
2015-11-05 12:54:13 [DEBUG] [355] [Content::query2] 查询文本内容1条.
2015-11-05 12:54:13 [INFO] [272] [Content::query2] 
=============Content 查询==============
contentId:
contentType:company
contentKey:mobile_phone
querySize:0
isPaging:
curPage:
2015-11-05 12:54:13 [DEBUG] [355] [Content::query2] 查询文本内容1条.
2015-11-05 12:54:13 [INFO] [272] [Content::query2] 
=============Content 查询==============
contentId:
contentType:company
contentKey:contact_person
querySize:0
isPaging:
curPage:
2015-11-05 12:54:13 [DEBUG] [355] [Content::query2] 查询文本内容1条.
2015-11-05 12:54:13 [INFO] [272] [Content::query2] 
=============Content 查询==============
contentId:
contentType:company
contentKey:company_phone
querySize:0
isPaging:
curPage:
2015-11-05 12:54:13 [DEBUG] [355] [Content::query2] 查询文本内容1条.
2015-11-05 12:54:13 [INFO] [272] [Content::query2] 
=============Content 查询==============
contentId:
contentType:company
contentKey:mobile_phone
querySize:0
isPaging:
curPage:
2015-11-05 12:54:13 [DEBUG] [355] [Content::query2] 查询文本内容1条.
2015-11-05 12:54:13 [INFO] [272] [Content::query2] 
=============Content 查询==============
contentId:
contentType:company
contentKey:company_phone
querySize:0
isPaging:
curPage:
2015-11-05 12:54:13 [DEBUG] [355] [Content::query2] 查询文本内容1条.
2015-11-05 12:54:13 [INFO] [272] [Content::query2] 
=============Content 查询==============
contentId:
contentType:company
contentKey:mobile_phone
querySize:0
isPaging:
curPage:
2015-11-05 12:54:13 [DEBUG] [355] [Content::query2] 查询文本内容1条.
2015-11-05 12:54:13 [INFO] [272] [Content::query2] 
=============Content 查询==============
contentId:
contentType:company
contentKey:company_outline
querySize:0
isPaging:
curPage:
2015-11-05 12:54:13 [DEBUG] [355] [Content::query2] 查询文本内容1条.
2015-11-05 12:54:13 [INFO] [272] [Content::query2] 
=============Content 查询==============
contentId:
contentType:company
contentKey:company_outline
querySize:0
isPaging:
curPage:
2015-11-05 12:54:13 [DEBUG] [355] [Content::query2] 查询文本内容1条.
2015-11-05 12:54:13 [DEBUG] [0] [===test===] company_links
2015-11-05 12:54:13 [DEBUG] [0] [===test===] company_links
2015-11-05 12:54:13 [DEBUG] [0] [===test===] company_links
2015-11-05 12:54:13 [DEBUG] [0] [===test===] company_links
2015-11-05 12:54:13 [DEBUG] [0] [===test===] company_barcode
2015-11-05 12:54:13 [DEBUG] [0] [===test===] company_banner
2015-11-05 12:54:13 [DEBUG] [0] [===test===] company_banner
2015-11-05 12:54:13 [DEBUG] [0] [===test===] company_banner
2015-11-05 12:54:13 [INFO] [272] [Content::query2] 
=============Content 查询==============
contentId:
contentType:company
contentKey:company_phone
querySize:0
isPaging:
curPage:
2015-11-05 12:54:13 [DEBUG] [355] [Content::query2] 查询文本内容1条.
2015-11-05 12:54:13 [INFO] [272] [Content::query2] 
=============Content 查询==============
contentId:
contentType:company
contentKey:company_fax
querySize:0
isPaging:
curPage:
2015-11-05 12:54:13 [DEBUG] [355] [Content::query2] 查询文本内容1条.
2015-11-05 12:54:13 [INFO] [272] [Content::query2] 
=============Content 查询==============
contentId:
contentType:company
contentKey:mobile_phone
querySize:0
isPaging:
curPage:
2015-11-05 12:54:13 [DEBUG] [355] [Content::query2] 查询文本内容1条.
2015-11-05 12:54:13 [INFO] [272] [Content::query2] 
=============Content 查询==============
contentId:
contentType:company
contentKey:contact_person
querySize:0
isPaging:
curPage:
2015-11-05 12:54:13 [DEBUG] [355] [Content::query2] 查询文本内容1条.
2015-11-05 12:54:13 [INFO] [272] [Content::query2] 
=============Content 查询==============
contentId:
contentType:company
contentKey:company_qq
querySize:0
isPaging:
curPage:
2015-11-05 12:54:13 [DEBUG] [355] [Content::query2] 查询文本内容1条.
2015-11-05 12:54:13 [INFO] [272] [Content::query2] 
=============Content 查询==============
contentId:
contentType:company
contentKey:ali_wangwang
querySize:0
isPaging:
curPage:
2015-11-05 12:54:13 [DEBUG] [355] [Content::query2] 查询文本内容1条.
2015-11-05 12:54:13 [INFO] [272] [Content::query2] 
=============Content 查询==============
contentId:
contentType:company
contentKey:company_email
querySize:0
isPaging:
curPage:
2015-11-05 12:54:13 [DEBUG] [355] [Content::query2] 查询文本内容1条.
2015-11-05 12:54:13 [INFO] [272] [Content::query2] 
=============Content 查询==============
contentId:
contentType:company
contentKey:official_site
querySize:0
isPaging:
curPage:
2015-11-05 12:54:13 [DEBUG] [355] [Content::query2] 查询文本内容1条.
2015-11-05 12:54:13 [INFO] [272] [Content::query2] 
=============Content 查询==============
contentId:
contentType:company
contentKey:ali_store
querySize:0
isPaging:
curPage:
2015-11-05 12:54:13 [DEBUG] [355] [Content::query2] 查询文本内容1条.
2015-11-05 12:54:13 [INFO] [272] [Content::query2] 
=============Content 查询==============
contentId:
contentType:company
contentKey:company_addr
querySize:0
isPaging:
curPage:
2015-11-05 12:54:13 [DEBUG] [355] [Content::query2] 查询文本内容1条.
2015-11-05 12:54:13 [INFO] [272] [Content::query2] 
=============Content 查询==============
contentId:
contentType:company
contentKey:other_contact
querySize:0
isPaging:
curPage:
2015-11-05 12:54:13 [DEBUG] [355] [Content::query2] 查询文本内容1条.
2015-11-05 12:54:14 [DEBUG] [191] [Product::query] 查询商品10条.
2015-11-05 12:54:14 [DEBUG] [140] [Sort::query] 查询商品类型SQL: select sort_id, sort_name from p_sort where 1=1 order by rec_date desc limit 25
2015-11-05 12:54:15 [DEBUG] [156] [Sort::query] 查询商品类型11条.
2015-11-05 12:54:15 [INFO] [272] [Content::query2] 
=============Content 查询==============
contentId:
contentType:company
contentKey:company_name
querySize:0
isPaging:
curPage:
2015-11-05 12:54:15 [DEBUG] [355] [Content::query2] 查询文本内容1条.
2015-11-05 12:54:15 [INFO] [272] [Content::query2] 
=============Content 查询==============
contentId:
contentType:company
contentKey:company_qq
querySize:0
isPaging:
curPage:
2015-11-05 12:54:15 [DEBUG] [355] [Content::query2] 查询文本内容1条.
2015-11-05 12:54:15 [INFO] [272] [Content::query2] 
=============Content 查询==============
contentId:
contentType:company
contentKey:official_site
querySize:0
isPaging:
curPage:
2015-11-05 12:54:15 [DEBUG] [355] [Content::query2] 查询文本内容1条.
2015-11-05 12:54:15 [INFO] [272] [Content::query2] 
=============Content 查询==============
contentId:
contentType:company
contentKey:ali_wangwang
querySize:0
isPaging:
curPage:
2015-11-05 12:54:15 [DEBUG] [355] [Content::query2] 查询文本内容1条.
2015-11-05 12:54:15 [INFO] [272] [Content::query2] 
=============Content 查询==============
contentId:
contentType:company
contentKey:site_desc
querySize:0
isPaging:
curPage:
2015-11-05 12:54:15 [DEBUG] [355] [Content::query2] 查询文本内容1条.
2015-11-05 12:54:15 [INFO] [272] [Content::query2] 
=============Content 查询==============
contentId:
contentType:company
contentKey:site_desc
querySize:0
isPaging:
curPage:
2015-11-05 12:54:15 [DEBUG] [355] [Content::query2] 查询文本内容1条.
2015-11-05 12:54:15 [INFO] [272] [Content::query2] 
=============Content 查询==============
contentId:
contentType:company
contentKey:contact_person
querySize:0
isPaging:
curPage:
2015-11-05 12:54:15 [DEBUG] [355] [Content::query2] 查询文本内容1条.
2015-11-05 12:54:15 [INFO] [272] [Content::query2] 
=============Content 查询==============
contentId:
contentType:company
contentKey:company_phone
querySize:0
isPaging:
curPage:
2015-11-05 12:54:15 [DEBUG] [355] [Content::query2] 查询文本内容1条.
2015-11-05 12:54:15 [INFO] [272] [Content::query2] 
=============Content 查询==============
contentId:
contentType:company
contentKey:mobile_phone
querySize:0
isPaging:
curPage:
2015-11-05 12:54:15 [DEBUG] [355] [Content::query2] 查询文本内容1条.
2015-11-05 12:54:15 [INFO] [272] [Content::query2] 
=============Content 查询==============
contentId:
contentType:company
contentKey:contact_person
querySize:0
isPaging:
curPage:
2015-11-05 12:54:15 [DEBUG] [355] [Content::query2] 查询文本内容1条.
2015-11-05 12:54:15 [INFO] [272] [Content::query2] 
=============Content 查询==============
contentId:
contentType:company
contentKey:company_phone
querySize:0
isPaging:
curPage:
2015-11-05 12:54:15 [DEBUG] [355] [Content::query2] 查询文本内容1条.
2015-11-05 12:54:15 [INFO] [272] [Content::query2] 
=============Content 查询==============
contentId:
contentType:company
contentKey:mobile_phone
querySize:0
isPaging:
curPage:
2015-11-05 12:54:15 [DEBUG] [355] [Content::query2] 查询文本内容1条.
2015-11-05 12:54:15 [INFO] [272] [Content::query2] 
=============Content 查询==============
contentId:
contentType:company
contentKey:company_phone
querySize:0
isPaging:
curPage:
2015-11-05 12:54:15 [DEBUG] [355] [Content::query2] 查询文本内容1条.
2015-11-05 12:54:15 [INFO] [272] [Content::query2] 
=============Content 查询==============
contentId:
contentType:company
contentKey:mobile_phone
querySize:0
isPaging:
curPage:
2015-11-05 12:54:15 [DEBUG] [355] [Content::query2] 查询文本内容1条.
2015-11-05 12:54:15 [INFO] [272] [Content::query2] 
=============Content 查询==============
contentId:
contentType:company
contentKey:company_outline
querySize:0
isPaging:
curPage:
2015-11-05 12:54:15 [DEBUG] [355] [Content::query2] 查询文本内容1条.
2015-11-05 12:54:15 [INFO] [272] [Content::query2] 
=============Content 查询==============
contentId:
contentType:company
contentKey:company_outline
querySize:0
isPaging:
curPage:
2015-11-05 12:54:15 [DEBUG] [355] [Content::query2] 查询文本内容1条.
2015-11-05 12:54:15 [DEBUG] [0] [===test===] company_links
2015-11-05 12:54:15 [DEBUG] [0] [===test===] company_links
2015-11-05 12:54:15 [DEBUG] [0] [===test===] company_links
2015-11-05 12:54:15 [DEBUG] [0] [===test===] company_links
2015-11-05 12:54:15 [DEBUG] [0] [===test===] company_barcode
2015-11-05 12:54:15 [DEBUG] [0] [===test===] company_banner
2015-11-05 12:54:15 [DEBUG] [0] [===test===] company_banner
2015-11-05 12:54:15 [DEBUG] [0] [===test===] company_banner
2015-11-05 12:54:15 [INFO] [272] [Content::query2] 
=============Content 查询==============
contentId:
contentType:company
contentKey:company_phone
querySize:0
isPaging:
curPage:
2015-11-05 12:54:15 [DEBUG] [355] [Content::query2] 查询文本内容1条.
2015-11-05 12:54:15 [INFO] [272] [Content::query2] 
=============Content 查询==============
contentId:
contentType:company
contentKey:company_fax
querySize:0
isPaging:
curPage:
2015-11-05 12:54:15 [DEBUG] [355] [Content::query2] 查询文本内容1条.
2015-11-05 12:54:15 [INFO] [272] [Content::query2] 
=============Content 查询==============
contentId:
contentType:company
contentKey:mobile_phone
querySize:0
isPaging:
curPage:
2015-11-05 12:54:15 [DEBUG] [355] [Content::query2] 查询文本内容1条.
2015-11-05 12:54:15 [INFO] [272] [Content::query2] 
=============Content 查询==============
contentId:
contentType:company
contentKey:contact_person
querySize:0
isPaging:
curPage:
2015-11-05 12:54:15 [DEBUG] [355] [Content::query2] 查询文本内容1条.
2015-11-05 12:54:15 [INFO] [272] [Content::query2] 
=============Content 查询==============
contentId:
contentType:company
contentKey:company_qq
querySize:0
isPaging:
curPage:
2015-11-05 12:54:15 [DEBUG] [355] [Content::query2] 查询文本内容1条.
2015-11-05 12:54:15 [INFO] [272] [Content::query2] 
=============Content 查询==============
contentId:
contentType:company
contentKey:ali_wangwang
querySize:0
isPaging:
curPage:
2015-11-05 12:54:15 [DEBUG] [355] [Content::query2] 查询文本内容1条.
2015-11-05 12:54:15 [INFO] [272] [Content::query2] 
=============Content 查询==============
contentId:
contentType:company
contentKey:company_email
querySize:0
isPaging:
curPage:
2015-11-05 12:54:15 [DEBUG] [355] [Content::query2] 查询文本内容1条.
2015-11-05 12:54:15 [INFO] [272] [Content::query2] 
=============Content 查询==============
contentId:
contentType:company
contentKey:official_site
querySize:0
isPaging:
curPage:
2015-11-05 12:54:15 [DEBUG] [355] [Content::query2] 查询文本内容1条.
2015-11-05 12:54:15 [INFO] [272] [Content::query2] 
=============Content 查询==============
contentId:
contentType:company
contentKey:ali_store
querySize:0
isPaging:
curPage:
2015-11-05 12:54:15 [DEBUG] [355] [Content::query2] 查询文本内容1条.
2015-11-05 12:54:15 [INFO] [272] [Content::query2] 
=============Content 查询==============
contentId:
contentType:company
contentKey:company_addr
querySize:0
isPaging:
curPage:
2015-11-05 12:54:15 [DEBUG] [355] [Content::query2] 查询文本内容1条.
2015-11-05 12:54:15 [INFO] [272] [Content::query2] 
=============Content 查询==============
contentId:
contentType:company
contentKey:other_contact
querySize:0
isPaging:
curPage:
2015-11-05 12:54:15 [DEBUG] [355] [Content::query2] 查询文本内容1条.
2015-11-05 12:54:25 [DEBUG] [140] [Sort::query] 查询商品类型SQL: select sort_id, sort_name from p_sort where 1=1 order by rec_date desc
2015-11-05 12:54:26 [DEBUG] [156] [Sort::query] 查询商品类型11条.
2015-11-05 12:54:26 [DEBUG] [252] [Product::rcount] 查询商品总数SQL: select count(1) as rcount from product where 1=1
2015-11-05 12:54:27 [DEBUG] [265] [Product::rcount] 查询商品总数19.
2015-11-05 12:54:27 [DEBUG] [166] [Product::query] 查询商品SQL: select p.product_id, p.product_no, p.product_name, p.sort_id, p.order_no, p.m_image, p.ali_url,p.is_recommend, p.is_showhome, p.rec_date, s.sort_name from product p left join p_sort s on p.sort_id = s.sort_id where 1=1 order by p.rec_date desc limit 0,9
2015-11-05 12:54:28 [DEBUG] [191] [Product::query] 查询商品9条.
2015-11-05 12:54:28 [INFO] [272] [Content::query2] 
=============Content 查询==============
contentId:
contentType:company
contentKey:site_name
querySize:0
isPaging:
curPage:
2015-11-05 12:54:28 [DEBUG] [377] [Content::queryAll] 查询所有Content数据: select content_id, content_type, content_key, content, subject, m_image, rec_date from content where 1 = 1 order by rec_date desc
2015-11-05 12:54:29 [DEBUG] [399] [Content::queryAll] 查询所有Content数据81条.
2015-11-05 12:54:29 [DEBUG] [355] [Content::query2] 查询文本内容1条.
2015-11-05 12:54:29 [INFO] [272] [Content::query2] 
=============Content 查询==============
contentId:
contentType:company
contentKey: seo_key
querySize:0
isPaging:
curPage:
2015-11-05 12:54:29 [DEBUG] [355] [Content::query2] 查询文本内容0条.
2015-11-05 12:54:29 [INFO] [272] [Content::query2] 
=============Content 查询==============
contentId:
contentType:company
contentKey: site_desc
querySize:0
isPaging:
curPage:
2015-11-05 12:54:29 [DEBUG] [355] [Content::query2] 查询文本内容0条.
2015-11-05 12:54:29 [INFO] [272] [Content::query2] 
=============Content 查询==============
contentId:
contentType:company
contentKey:brand_recommend
querySize:0
isPaging:
curPage:
2015-11-05 12:54:29 [DEBUG] [355] [Content::query2] 查询文本内容4条.
2015-11-05 12:54:29 [INFO] [272] [Content::query2] 
=============Content 查询==============
contentId:
contentType:company
contentKey:site_notice
querySize:0
isPaging:
curPage:
2015-11-05 12:54:29 [DEBUG] [355] [Content::query2] 查询文本内容1条.
2015-11-05 12:54:29 [DEBUG] [184] [DocFile::query] 查询文件SQL: select file_id, file_key, in_module, saved_path, showed_name, ext_name, file_url, file_desc, rec_date, file_sort from doc_file where 1=1 and in_module='company' and file_key='company_banner' order by rec_date desc
2015-11-05 12:54:30 [DEBUG] [208] [DocFile::query] 查询文件3条记录.
2015-11-05 12:54:30 [INFO] [272] [Content::query2] 
=============Content 查询==============
contentId:
contentType:company
contentKey:site_desc
querySize:0
isPaging:
curPage:
2015-11-05 12:54:30 [DEBUG] [355] [Content::query2] 查询文本内容1条.
2015-11-05 12:54:30 [INFO] [272] [Content::query2] 
=============Content 查询==============
contentId:
contentType:company
contentKey:site_desc
querySize:0
isPaging:
curPage:
2015-11-05 12:54:30 [DEBUG] [355] [Content::query2] 查询文本内容1条.
2015-11-05 12:54:30 [INFO] [272] [Content::query2] 
=============Content 查询==============
contentId:
contentType:company
contentKey:site_desc
querySize:0
isPaging:
curPage:
2015-11-05 12:54:30 [DEBUG] [355] [Content::query2] 查询文本内容1条.
2015-11-05 12:54:30 [INFO] [77] [DocFile::cache] Cache content data
2015-11-05 12:54:30 [DEBUG] [184] [DocFile::query] 查询文件SQL: select file_id, file_key, in_module, saved_path, showed_name, ext_name, file_url, file_desc, rec_date, file_sort from doc_file where 1=1 and in_module='company' order by rec_date desc
2015-11-05 12:54:31 [DEBUG] [208] [DocFile::query] 查询文件7条记录.
2015-11-05 12:54:31 [DEBUG] [0] [===test===] site_banner
2015-11-05 12:54:31 [DEBUG] [0] [===test===] company_links
2015-11-05 12:54:31 [DEBUG] [0] [===test===] company_links
2015-11-05 12:54:31 [DEBUG] [0] [===test===] company_links
2015-11-05 12:54:31 [DEBUG] [0] [===test===] company_barcode
2015-11-05 12:54:31 [DEBUG] [0] [===test===] company_banner
2015-11-05 12:54:31 [DEBUG] [0] [===test===] company_banner
2015-11-05 12:54:31 [DEBUG] [0] [===test===] company_banner
2015-11-05 12:54:31 [INFO] [272] [Content::query2] 
=============Content 查询==============
contentId:
contentType:company
contentKey:hot_search
querySize:0
isPaging:
curPage:
2015-11-05 12:54:31 [DEBUG] [355] [Content::query2] 查询文本内容0条.
2015-11-05 12:54:31 [DEBUG] [184] [DocFile::query] 查询文件SQL: select file_id, file_key, in_module, saved_path, showed_name, ext_name, file_url, file_desc, rec_date, file_sort from doc_file where 1=1 and in_module='company' and file_key='company_barcode' order by rec_date desc
2015-11-05 12:54:32 [DEBUG] [208] [DocFile::query] 查询文件1条记录.
2015-11-05 12:54:32 [INFO] [272] [Content::query2] 
=============Content 查询==============
contentId:
contentType:case
contentKey:
querySize:8
isPaging:
curPage:
2015-11-05 12:54:32 [DEBUG] [355] [Content::query2] 查询文本内容8条.
2015-11-05 12:54:32 [INFO] [272] [Content::query2] 
=============Content 查询==============
contentId:
contentType:news
contentKey:
querySize:8
isPaging:
curPage:
2015-11-05 12:54:32 [DEBUG] [355] [Content::query2] 查询文本内容8条.
2015-11-05 12:54:32 [DEBUG] [166] [Product::query] 查询商品SQL: select p.product_id, p.product_no, p.product_name, p.sort_id, p.order_no, p.m_image, p.ali_url,p.is_recommend, p.is_showhome, p.rec_date, s.sort_name from product p left join p_sort s on p.sort_id = s.sort_id where 1=1 and p.is_recommend=1 order by p.rec_date desc limit 10
2015-11-05 12:54:33 [DEBUG] [191] [Product::query] 查询商品10条.
2015-11-05 12:54:33 [INFO] [272] [Content::query2] 
=============Content 查询==============
contentId:
contentType:company
contentKey:company_name
querySize:0
isPaging:
curPage:
2015-11-05 12:54:33 [DEBUG] [355] [Content::query2] 查询文本内容1条.
2015-11-05 12:54:33 [INFO] [272] [Content::query2] 
=============Content 查询==============
contentId:
contentType:company
contentKey:company_qq
querySize:0
isPaging:
curPage:
2015-11-05 12:54:33 [DEBUG] [355] [Content::query2] 查询文本内容1条.
2015-11-05 12:54:33 [INFO] [272] [Content::query2] 
=============Content 查询==============
contentId:
contentType:company
contentKey:official_site
querySize:0
isPaging:
curPage:
2015-11-05 12:54:33 [DEBUG] [355] [Content::query2] 查询文本内容1条.
2015-11-05 12:54:33 [INFO] [272] [Content::query2] 
=============Content 查询==============
contentId:
contentType:company
contentKey:ali_wangwang
querySize:0
isPaging:
curPage:
2015-11-05 12:54:33 [DEBUG] [355] [Content::query2] 查询文本内容1条.
2015-11-05 12:54:33 [DEBUG] [0] [===test===] company_links
2015-11-05 12:54:33 [DEBUG] [0] [===test===] company_links
2015-11-05 12:54:33 [DEBUG] [0] [===test===] company_links
2015-11-05 12:54:33 [DEBUG] [0] [===test===] company_links
2015-11-05 12:54:33 [DEBUG] [0] [===test===] company_barcode
2015-11-05 12:54:33 [DEBUG] [0] [===test===] company_banner
2015-11-05 12:54:33 [DEBUG] [0] [===test===] company_banner
2015-11-05 12:54:33 [DEBUG] [0] [===test===] company_banner
2015-11-05 12:54:33 [INFO] [272] [Content::query2] 
=============Content 查询==============
contentId:
contentType:company
contentKey:company_phone
querySize:0
isPaging:
curPage:
2015-11-05 12:54:33 [DEBUG] [355] [Content::query2] 查询文本内容1条.
2015-11-05 12:54:33 [INFO] [272] [Content::query2] 
=============Content 查询==============
contentId:
contentType:company
contentKey:company_fax
querySize:0
isPaging:
curPage:
2015-11-05 12:54:33 [DEBUG] [355] [Content::query2] 查询文本内容1条.
2015-11-05 12:54:33 [INFO] [272] [Content::query2] 
=============Content 查询==============
contentId:
contentType:company
contentKey:mobile_phone
querySize:0
isPaging:
curPage:
2015-11-05 12:54:33 [DEBUG] [355] [Content::query2] 查询文本内容1条.
2015-11-05 12:54:33 [INFO] [272] [Content::query2] 
=============Content 查询==============
contentId:
contentType:company
contentKey:contact_person
querySize:0
isPaging:
curPage:
2015-11-05 12:54:33 [DEBUG] [355] [Content::query2] 查询文本内容1条.
2015-11-05 12:54:33 [INFO] [272] [Content::query2] 
=============Content 查询==============
contentId:
contentType:company
contentKey:company_qq
querySize:0
isPaging:
curPage:
2015-11-05 12:54:33 [DEBUG] [355] [Content::query2] 查询文本内容1条.
2015-11-05 12:54:33 [INFO] [272] [Content::query2] 
=============Content 查询==============
contentId:
contentType:company
contentKey:ali_wangwang
querySize:0
isPaging:
curPage:
2015-11-05 12:54:33 [DEBUG] [355] [Content::query2] 查询文本内容1条.
2015-11-05 12:54:33 [INFO] [272] [Content::query2] 
=============Content 查询==============
contentId:
contentType:company
contentKey:company_email
querySize:0
isPaging:
curPage:
2015-11-05 12:54:33 [DEBUG] [355] [Content::query2] 查询文本内容1条.
2015-11-05 12:54:33 [INFO] [272] [Content::query2] 
=============Content 查询==============
contentId:
contentType:company
contentKey:official_site
querySize:0
isPaging:
curPage:
2015-11-05 12:54:33 [DEBUG] [355] [Content::query2] 查询文本内容1条.
2015-11-05 12:54:33 [INFO] [272] [Content::query2] 
=============Content 查询==============
contentId:
contentType:company
contentKey:ali_store
querySize:0
isPaging:
curPage:
2015-11-05 12:54:33 [DEBUG] [355] [Content::query2] 查询文本内容1条.
2015-11-05 12:54:33 [INFO] [272] [Content::query2] 
=============Content 查询==============
contentId:
contentType:company
contentKey:company_addr
querySize:0
isPaging:
curPage:
2015-11-05 12:54:33 [DEBUG] [355] [Content::query2] 查询文本内容1条.
2015-11-05 12:54:33 [INFO] [272] [Content::query2] 
=============Content 查询==============
contentId:
contentType:company
contentKey:other_contact
querySize:0
isPaging:
curPage:
2015-11-05 12:54:33 [DEBUG] [355] [Content::query2] 查询文本内容1条.
2015-11-05 12:54:46 [DEBUG] [166] [Product::query] 查询商品SQL: select p.product_id, p.product_no, p.product_name, p.sort_id, p.order_no, p.m_image, p.ali_url,p.is_recommend, p.is_showhome, p.rec_date, s.sort_name from product p left join p_sort s on p.sort_id = s.sort_id where 1=1 and p.product_id=6 order by p.rec_date desc
2015-11-05 12:54:47 [DEBUG] [191] [Product::query] 查询商品1条.
2015-11-05 12:54:47 [INFO] [272] [Content::query2] 
=============Content 查询==============
contentId:
contentType:product
contentKey:product6
querySize:0
isPaging:
curPage:
2015-11-05 12:54:47 [DEBUG] [377] [Content::queryAll] 查询所有Content数据: select content_id, content_type, content_key, content, subject, m_image, rec_date from content where 1 = 1 order by rec_date desc
2015-11-05 12:54:48 [DEBUG] [399] [Content::queryAll] 查询所有Content数据81条.
2015-11-05 12:54:48 [DEBUG] [355] [Content::query2] 查询文本内容1条.
2015-11-05 12:54:48 [INFO] [272] [Content::query2] 
=============Content 查询==============
contentId:
contentType:company
contentKey:site_name
querySize:0
isPaging:
curPage:
2015-11-05 12:54:48 [DEBUG] [355] [Content::query2] 查询文本内容1条.
2015-11-05 12:54:48 [INFO] [272] [Content::query2] 
=============Content 查询==============
contentId:
contentType:company
contentKey: seo_key
querySize:0
isPaging:
curPage:
2015-11-05 12:54:48 [DEBUG] [355] [Content::query2] 查询文本内容0条.
2015-11-05 12:54:48 [INFO] [272] [Content::query2] 
=============Content 查询==============
contentId:
contentType:company
contentKey: site_desc
querySize:0
isPaging:
curPage:
2015-11-05 12:54:48 [DEBUG] [355] [Content::query2] 查询文本内容0条.
2015-11-05 12:54:48 [INFO] [272] [Content::query2] 
=============Content 查询==============
contentId:
contentType:company
contentKey:brand_recommend
querySize:0
isPaging:
curPage:
2015-11-05 12:54:48 [DEBUG] [355] [Content::query2] 查询文本内容4条.
2015-11-05 12:54:48 [INFO] [272] [Content::query2] 
=============Content 查询==============
contentId:
contentType:company
contentKey:site_notice
querySize:0
isPaging:
curPage:
2015-11-05 12:54:48 [DEBUG] [355] [Content::query2] 查询文本内容1条.
2015-11-05 12:54:48 [DEBUG] [184] [DocFile::query] 查询文件SQL: select file_id, file_key, in_module, saved_path, showed_name, ext_name, file_url, file_desc, rec_date, file_sort from doc_file where 1=1 and in_module='company' and file_key='company_banner' order by rec_date desc
2015-11-05 12:54:49 [DEBUG] [208] [DocFile::query] 查询文件3条记录.
2015-11-05 12:54:49 [INFO] [272] [Content::query2] 
=============Content 查询==============
contentId:
contentType:company
contentKey:site_desc
querySize:0
isPaging:
curPage:
2015-11-05 12:54:49 [DEBUG] [355] [Content::query2] 查询文本内容1条.
2015-11-05 12:54:49 [INFO] [272] [Content::query2] 
=============Content 查询==============
contentId:
contentType:company
contentKey:site_desc
querySize:0
isPaging:
curPage:
2015-11-05 12:54:49 [DEBUG] [355] [Content::query2] 查询文本内容1条.
2015-11-05 12:54:49 [INFO] [272] [Content::query2] 
=============Content 查询==============
contentId:
contentType:company
contentKey:site_desc
querySize:0
isPaging:
curPage:
2015-11-05 12:54:49 [DEBUG] [355] [Content::query2] 查询文本内容1条.
2015-11-05 12:54:49 [INFO] [77] [DocFile::cache] Cache content data
2015-11-05 12:54:49 [DEBUG] [184] [DocFile::query] 查询文件SQL: select file_id, file_key, in_module, saved_path, showed_name, ext_name, file_url, file_desc, rec_date, file_sort from doc_file where 1=1 and in_module='company' order by rec_date desc
2015-11-05 12:54:50 [DEBUG] [208] [DocFile::query] 查询文件7条记录.
2015-11-05 12:54:50 [DEBUG] [0] [===test===] site_banner
2015-11-05 12:54:50 [DEBUG] [0] [===test===] company_links
2015-11-05 12:54:50 [DEBUG] [0] [===test===] company_links
2015-11-05 12:54:50 [DEBUG] [0] [===test===] company_links
2015-11-05 12:54:50 [DEBUG] [0] [===test===] company_barcode
2015-11-05 12:54:50 [DEBUG] [0] [===test===] company_banner
2015-11-05 12:54:50 [DEBUG] [0] [===test===] company_banner
2015-11-05 12:54:50 [DEBUG] [0] [===test===] company_banner
2015-11-05 12:54:50 [INFO] [272] [Content::query2] 
=============Content 查询==============
contentId:
contentType:company
contentKey:hot_search
querySize:0
isPaging:
curPage:
2015-11-05 12:54:50 [DEBUG] [355] [Content::query2] 查询文本内容0条.
2015-11-05 12:54:50 [DEBUG] [184] [DocFile::query] 查询文件SQL: select file_id, file_key, in_module, saved_path, showed_name, ext_name, file_url, file_desc, rec_date, file_sort from doc_file where 1=1 and in_module='company' and file_key='company_barcode' order by rec_date desc
2015-11-05 12:54:51 [DEBUG] [208] [DocFile::query] 查询文件1条记录.
2015-11-05 12:54:51 [INFO] [272] [Content::query2] 
=============Content 查询==============
contentId:
contentType:case
contentKey:
querySize:8
isPaging:
curPage:
2015-11-05 12:54:51 [DEBUG] [355] [Content::query2] 查询文本内容8条.
2015-11-05 12:54:51 [DEBUG] [166] [Product::query] 查询商品SQL: select p.product_id, p.product_no, p.product_name, p.sort_id, p.order_no, p.m_image, p.ali_url,p.is_recommend, p.is_showhome, p.rec_date, s.sort_name from product p left join p_sort s on p.sort_id = s.sort_id where 1=1 and p.is_recommend=1 order by p.rec_date desc limit 10
2015-11-05 12:54:52 [DEBUG] [191] [Product::query] 查询商品10条.
2015-11-05 12:54:52 [DEBUG] [140] [Sort::query] 查询商品类型SQL: select sort_id, sort_name from p_sort where 1=1 order by rec_date desc limit 25
2015-11-05 12:54:53 [DEBUG] [156] [Sort::query] 查询商品类型11条.
2015-11-05 12:54:53 [INFO] [272] [Content::query2] 
=============Content 查询==============
contentId:
contentType:company
contentKey:company_name
querySize:0
isPaging:
curPage:
2015-11-05 12:54:53 [DEBUG] [355] [Content::query2] 查询文本内容1条.
2015-11-05 12:54:53 [INFO] [272] [Content::query2] 
=============Content 查询==============
contentId:
contentType:company
contentKey:company_qq
querySize:0
isPaging:
curPage:
2015-11-05 12:54:53 [DEBUG] [355] [Content::query2] 查询文本内容1条.
2015-11-05 12:54:53 [INFO] [272] [Content::query2] 
=============Content 查询==============
contentId:
contentType:company
contentKey:official_site
querySize:0
isPaging:
curPage:
2015-11-05 12:54:53 [DEBUG] [355] [Content::query2] 查询文本内容1条.
2015-11-05 12:54:53 [INFO] [272] [Content::query2] 
=============Content 查询==============
contentId:
contentType:company
contentKey:ali_wangwang
querySize:0
isPaging:
curPage:
2015-11-05 12:54:53 [DEBUG] [355] [Content::query2] 查询文本内容1条.
2015-11-05 08:00:29 [DEBUG] [166] [Product::query] 查询商品SQL: select p.product_id, p.product_no, p.product_name, p.sort_id, p.order_no, p.m_image, p.ali_url,p.is_recommend, p.is_showhome, p.rec_date, s.sort_name from product p left join p_sort s on p.sort_id = s.sort_id where 1=1 and p.is_showhome=1 order by p.rec_date desc limit 15
2015-11-05 08:00:30 [DEBUG] [191] [Product::query] 查询商品15条.
2015-11-05 08:00:30 [INFO] [272] [Content::query2] 
=============Content 查询==============
contentId:
contentType:news
contentKey:
querySize:10
isPaging:
curPage:
2015-11-05 08:00:30 [DEBUG] [377] [Content::queryAll] 查询所有Content数据: select content_id, content_type, content_key, content, subject, m_image, rec_date from content where 1 = 1 order by rec_date desc
2015-11-05 08:00:31 [DEBUG] [399] [Content::queryAll] 查询所有Content数据81条.
2015-11-05 08:00:31 [DEBUG] [355] [Content::query2] 查询文本内容10条.
2015-11-05 08:00:31 [INFO] [272] [Content::query2] 
=============Content 查询==============
contentId:
contentType:case
contentKey:
querySize:10
isPaging:
curPage:
2015-11-05 08:00:31 [DEBUG] [355] [Content::query2] 查询文本内容10条.
2015-11-05 08:00:31 [INFO] [272] [Content::query2] 
=============Content 查询==============
contentId:
contentType:company
contentKey:site_name
querySize:0
isPaging:
curPage:
2015-11-05 08:00:31 [DEBUG] [355] [Content::query2] 查询文本内容1条.
2015-11-05 08:00:31 [INFO] [272] [Content::query2] 
=============Content 查询==============
contentId:
contentType:company
contentKey: seo_key
querySize:0
isPaging:
curPage:
2015-11-05 08:00:31 [DEBUG] [355] [Content::query2] 查询文本内容0条.
2015-11-05 08:00:31 [INFO] [272] [Content::query2] 
=============Content 查询==============
contentId:
contentType:company
contentKey: site_desc
querySize:0
isPaging:
curPage:
2015-11-05 08:00:31 [DEBUG] [355] [Content::query2] 查询文本内容0条.
2015-11-05 08:00:31 [INFO] [272] [Content::query2] 
=============Content 查询==============
contentId:
contentType:company
contentKey:brand_recommend
querySize:0
isPaging:
curPage:
2015-11-05 08:00:31 [DEBUG] [355] [Content::query2] 查询文本内容4条.
2015-11-05 08:00:31 [INFO] [272] [Content::query2] 
=============Content 查询==============
contentId:
contentType:company
contentKey:site_notice
querySize:0
isPaging:
curPage:
2015-11-05 08:00:31 [DEBUG] [355] [Content::query2] 查询文本内容1条.
2015-11-05 08:00:31 [DEBUG] [184] [DocFile::query] 查询文件SQL: select file_id, file_key, in_module, saved_path, showed_name, ext_name, file_url, file_desc, rec_date, file_sort from doc_file where 1=1 and in_module='company' and file_key='company_banner' order by rec_date desc
2015-11-05 08:00:32 [DEBUG] [208] [DocFile::query] 查询文件3条记录.
2015-11-05 08:00:32 [INFO] [272] [Content::query2] 
=============Content 查询==============
contentId:
contentType:company
contentKey:site_desc
querySize:0
isPaging:
curPage:
2015-11-05 08:00:32 [DEBUG] [355] [Content::query2] 查询文本内容1条.
2015-11-05 08:00:32 [INFO] [272] [Content::query2] 
=============Content 查询==============
contentId:
contentType:company
contentKey:site_desc
querySize:0
isPaging:
curPage:
2015-11-05 08:00:32 [DEBUG] [355] [Content::query2] 查询文本内容1条.
2015-11-05 08:00:32 [INFO] [272] [Content::query2] 
=============Content 查询==============
contentId:
contentType:company
contentKey:site_desc
querySize:0
isPaging:
curPage:
2015-11-05 08:00:32 [DEBUG] [355] [Content::query2] 查询文本内容1条.
2015-11-05 08:00:32 [INFO] [77] [DocFile::cache] Cache content data
2015-11-05 08:00:32 [DEBUG] [184] [DocFile::query] 查询文件SQL: select file_id, file_key, in_module, saved_path, showed_name, ext_name, file_url, file_desc, rec_date, file_sort from doc_file where 1=1 and in_module='company' order by rec_date desc
2015-11-05 08:00:33 [DEBUG] [208] [DocFile::query] 查询文件7条记录.
2015-11-05 08:00:33 [DEBUG] [0] [===test===] site_banner
2015-11-05 08:00:33 [DEBUG] [0] [===test===] company_links
2015-11-05 08:00:33 [DEBUG] [0] [===test===] company_links
2015-11-05 08:00:33 [DEBUG] [0] [===test===] company_links
2015-11-05 08:00:33 [DEBUG] [0] [===test===] company_barcode
2015-11-05 08:00:33 [DEBUG] [0] [===test===] company_banner
2015-11-05 08:00:33 [DEBUG] [0] [===test===] company_banner
2015-11-05 08:00:33 [DEBUG] [0] [===test===] company_banner
2015-11-05 08:00:33 [INFO] [272] [Content::query2] 
=============Content 查询==============
contentId:
contentType:company
contentKey:hot_search
querySize:0
isPaging:
curPage:
2015-11-05 08:00:33 [DEBUG] [355] [Content::query2] 查询文本内容0条.
2015-11-05 08:00:33 [DEBUG] [184] [DocFile::query] 查询文件SQL: select file_id, file_key, in_module, saved_path, showed_name, ext_name, file_url, file_desc, rec_date, file_sort from doc_file where 1=1 and in_module='company' and file_key='company_barcode' order by rec_date desc
2015-11-05 08:00:34 [DEBUG] [208] [DocFile::query] 查询文件1条记录.
2015-11-05 08:00:34 [DEBUG] [166] [Product::query] 查询商品SQL: select p.product_id, p.product_no, p.product_name, p.sort_id, p.order_no, p.m_image, p.ali_url,p.is_recommend, p.is_showhome, p.rec_date, s.sort_name from product p left join p_sort s on p.sort_id = s.sort_id where 1=1 and p.is_recommend=1 order by p.rec_date desc limit 10
2015-11-05 08:00:35 [DEBUG] [191] [Product::query] 查询商品10条.
2015-11-05 08:00:35 [DEBUG] [140] [Sort::query] 查询商品类型SQL: select sort_id, sort_name from p_sort where 1=1 order by rec_date desc limit 25
2015-11-05 08:00:36 [DEBUG] [156] [Sort::query] 查询商品类型11条.
2015-11-05 08:00:36 [INFO] [272] [Content::query2] 
=============Content 查询==============
contentId:
contentType:company
contentKey:company_name
querySize:0
isPaging:
curPage:
2015-11-05 08:00:36 [DEBUG] [355] [Content::query2] 查询文本内容1条.
2015-11-05 08:00:36 [INFO] [272] [Content::query2] 
=============Content 查询==============
contentId:
contentType:company
contentKey:company_qq
querySize:0
isPaging:
curPage:
2015-11-05 08:00:36 [DEBUG] [355] [Content::query2] 查询文本内容1条.
2015-11-05 08:00:36 [INFO] [272] [Content::query2] 
=============Content 查询==============
contentId:
contentType:company
contentKey:official_site
querySize:0
isPaging:
curPage:
2015-11-05 08:00:36 [DEBUG] [355] [Content::query2] 查询文本内容1条.
2015-11-05 08:00:36 [INFO] [272] [Content::query2] 
=============Content 查询==============
contentId:
contentType:company
contentKey:ali_wangwang
querySize:0
isPaging:
curPage:
2015-11-05 08:00:36 [DEBUG] [355] [Content::query2] 查询文本内容1条.
2015-11-05 08:00:36 [INFO] [272] [Content::query2] 
=============Content 查询==============
contentId:
contentType:company
contentKey:site_desc
querySize:0
isPaging:
curPage:
2015-11-05 08:00:36 [DEBUG] [355] [Content::query2] 查询文本内容1条.
2015-11-05 08:00:36 [INFO] [272] [Content::query2] 
=============Content 查询==============
contentId:
contentType:company
contentKey:site_desc
querySize:0
isPaging:
curPage:
2015-11-05 08:00:36 [DEBUG] [355] [Content::query2] 查询文本内容1条.
2015-11-05 08:00:36 [INFO] [272] [Content::query2] 
=============Content 查询==============
contentId:
contentType:company
contentKey:contact_person
querySize:0
isPaging:
curPage:
2015-11-05 08:00:36 [DEBUG] [355] [Content::query2] 查询文本内容1条.
2015-11-05 08:00:36 [INFO] [272] [Content::query2] 
=============Content 查询==============
contentId:
contentType:company
contentKey:company_phone
querySize:0
isPaging:
curPage:
2015-11-05 08:00:36 [DEBUG] [355] [Content::query2] 查询文本内容1条.
2015-11-05 08:00:36 [INFO] [272] [Content::query2] 
=============Content 查询==============
contentId:
contentType:company
contentKey:mobile_phone
querySize:0
isPaging:
curPage:
2015-11-05 08:00:36 [DEBUG] [355] [Content::query2] 查询文本内容1条.
2015-11-05 08:00:36 [INFO] [272] [Content::query2] 
=============Content 查询==============
contentId:
contentType:company
contentKey:contact_person
querySize:0
isPaging:
curPage:
2015-11-05 08:00:36 [DEBUG] [355] [Content::query2] 查询文本内容1条.
2015-11-05 08:00:36 [INFO] [272] [Content::query2] 
=============Content 查询==============
contentId:
contentType:company
contentKey:company_phone
querySize:0
isPaging:
curPage:
2015-11-05 08:00:36 [DEBUG] [355] [Content::query2] 查询文本内容1条.
2015-11-05 08:00:36 [INFO] [272] [Content::query2] 
=============Content 查询==============
contentId:
contentType:company
contentKey:mobile_phone
querySize:0
isPaging:
curPage:
2015-11-05 08:00:36 [DEBUG] [355] [Content::query2] 查询文本内容1条.
2015-11-05 08:00:36 [INFO] [272] [Content::query2] 
=============Content 查询==============
contentId:
contentType:company
contentKey:company_phone
querySize:0
isPaging:
curPage:
2015-11-05 08:00:36 [DEBUG] [355] [Content::query2] 查询文本内容1条.
2015-11-05 08:00:36 [INFO] [272] [Content::query2] 
=============Content 查询==============
contentId:
contentType:company
contentKey:mobile_phone
querySize:0
isPaging:
curPage:
2015-11-05 08:00:36 [DEBUG] [355] [Content::query2] 查询文本内容1条.
2015-11-05 08:00:36 [INFO] [272] [Content::query2] 
=============Content 查询==============
contentId:
contentType:company
contentKey:company_outline
querySize:0
isPaging:
curPage:
2015-11-05 08:00:36 [DEBUG] [355] [Content::query2] 查询文本内容1条.
2015-11-05 08:00:36 [INFO] [272] [Content::query2] 
=============Content 查询==============
contentId:
contentType:company
contentKey:company_outline
querySize:0
isPaging:
curPage:
2015-11-05 08:00:36 [DEBUG] [355] [Content::query2] 查询文本内容1条.
2015-11-05 08:00:36 [DEBUG] [0] [===test===] company_links
2015-11-05 08:00:36 [DEBUG] [0] [===test===] company_links
2015-11-05 08:00:36 [DEBUG] [0] [===test===] company_links
2015-11-05 08:00:36 [DEBUG] [0] [===test===] company_links
2015-11-05 08:00:36 [DEBUG] [0] [===test===] company_barcode
2015-11-05 08:00:36 [DEBUG] [0] [===test===] company_banner
2015-11-05 08:00:36 [DEBUG] [0] [===test===] company_banner
2015-11-05 08:00:36 [DEBUG] [0] [===test===] company_banner
2015-11-05 08:00:36 [INFO] [272] [Content::query2] 
=============Content 查询==============
contentId:
contentType:company
contentKey:company_phone
querySize:0
isPaging:
curPage:
2015-11-05 08:00:36 [DEBUG] [355] [Content::query2] 查询文本内容1条.
2015-11-05 08:00:36 [INFO] [272] [Content::query2] 
=============Content 查询==============
contentId:
contentType:company
contentKey:company_fax
querySize:0
isPaging:
curPage:
2015-11-05 08:00:36 [DEBUG] [355] [Content::query2] 查询文本内容1条.
2015-11-05 08:00:36 [INFO] [272] [Content::query2] 
=============Content 查询==============
contentId:
contentType:company
contentKey:mobile_phone
querySize:0
isPaging:
curPage:
2015-11-05 08:00:36 [DEBUG] [355] [Content::query2] 查询文本内容1条.
2015-11-05 08:00:36 [INFO] [272] [Content::query2] 
=============Content 查询==============
contentId:
contentType:company
contentKey:contact_person
querySize:0
isPaging:
curPage:
2015-11-05 08:00:36 [DEBUG] [355] [Content::query2] 查询文本内容1条.
2015-11-05 08:00:36 [INFO] [272] [Content::query2] 
=============Content 查询==============
contentId:
contentType:company
contentKey:company_qq
querySize:0
isPaging:
curPage:
2015-11-05 08:00:36 [DEBUG] [355] [Content::query2] 查询文本内容1条.
2015-11-05 08:00:36 [INFO] [272] [Content::query2] 
=============Content 查询==============
contentId:
contentType:company
contentKey:ali_wangwang
querySize:0
isPaging:
curPage:
2015-11-05 08:00:36 [DEBUG] [355] [Content::query2] 查询文本内容1条.
2015-11-05 08:00:36 [INFO] [272] [Content::query2] 
=============Content 查询==============
contentId:
contentType:company
contentKey:company_email
querySize:0
isPaging:
curPage:
2015-11-05 08:00:37 [DEBUG] [355] [Content::query2] 查询文本内容1条.
2015-11-05 08:00:37 [INFO] [272] [Content::query2] 
=============Content 查询==============
contentId:
contentType:company
contentKey:official_site
querySize:0
isPaging:
curPage:
2015-11-05 08:00:37 [DEBUG] [355] [Content::query2] 查询文本内容1条.
2015-11-05 08:00:37 [INFO] [272] [Content::query2] 
=============Content 查询==============
contentId:
contentType:company
contentKey:ali_store
querySize:0
isPaging:
curPage:
2015-11-05 08:00:37 [DEBUG] [355] [Content::query2] 查询文本内容1条.
2015-11-05 08:00:37 [INFO] [272] [Content::query2] 
=============Content 查询==============
contentId:
contentType:company
contentKey:company_addr
querySize:0
isPaging:
curPage:
2015-11-05 08:00:37 [DEBUG] [355] [Content::query2] 查询文本内容1条.
2015-11-05 08:00:37 [INFO] [272] [Content::query2] 
=============Content 查询==============
contentId:
contentType:company
contentKey:other_contact
querySize:0
isPaging:
curPage:
2015-11-05 08:00:37 [DEBUG] [355] [Content::query2] 查询文本内容1条.
2015-11-05 08:00:58 [DEBUG] [166] [Product::query] 查询商品SQL: select p.product_id, p.product_no, p.product_name, p.sort_id, p.order_no, p.m_image, p.ali_url,p.is_recommend, p.is_showhome, p.rec_date, s.sort_name from product p left join p_sort s on p.sort_id = s.sort_id where 1=1 and p.product_id=6 order by p.rec_date desc
2015-11-05 08:00:59 [DEBUG] [191] [Product::query] 查询商品1条.
2015-11-05 08:00:59 [INFO] [272] [Content::query2] 
=============Content 查询==============
contentId:
contentType:product
contentKey:product6
querySize:0
isPaging:
curPage:
2015-11-05 08:00:59 [DEBUG] [377] [Content::queryAll] 查询所有Content数据: select content_id, content_type, content_key, content, subject, m_image, rec_date from content where 1 = 1 order by rec_date desc
2015-11-05 08:01:00 [DEBUG] [399] [Content::queryAll] 查询所有Content数据81条.
2015-11-05 08:01:00 [DEBUG] [355] [Content::query2] 查询文本内容1条.
2015-11-05 08:01:00 [INFO] [272] [Content::query2] 
=============Content 查询==============
contentId:
contentType:company
contentKey:site_name
querySize:0
isPaging:
curPage:
2015-11-05 08:01:00 [DEBUG] [355] [Content::query2] 查询文本内容1条.
2015-11-05 08:01:00 [INFO] [272] [Content::query2] 
=============Content 查询==============
contentId:
contentType:company
contentKey: seo_key
querySize:0
isPaging:
curPage:
2015-11-05 08:01:00 [DEBUG] [355] [Content::query2] 查询文本内容0条.
2015-11-05 08:01:00 [INFO] [272] [Content::query2] 
=============Content 查询==============
contentId:
contentType:company
contentKey: site_desc
querySize:0
isPaging:
curPage:
2015-11-05 08:01:00 [DEBUG] [355] [Content::query2] 查询文本内容0条.
2015-11-05 08:01:00 [INFO] [272] [Content::query2] 
=============Content 查询==============
contentId:
contentType:company
contentKey:brand_recommend
querySize:0
isPaging:
curPage:
2015-11-05 08:01:00 [DEBUG] [355] [Content::query2] 查询文本内容4条.
2015-11-05 08:01:00 [INFO] [272] [Content::query2] 
=============Content 查询==============
contentId:
contentType:company
contentKey:site_notice
querySize:0
isPaging:
curPage:
2015-11-05 08:01:00 [DEBUG] [355] [Content::query2] 查询文本内容1条.
2015-11-05 08:01:00 [DEBUG] [184] [DocFile::query] 查询文件SQL: select file_id, file_key, in_module, saved_path, showed_name, ext_name, file_url, file_desc, rec_date, file_sort from doc_file where 1=1 and in_module='company' and file_key='company_banner' order by rec_date desc
2015-11-05 08:01:01 [DEBUG] [208] [DocFile::query] 查询文件3条记录.
2015-11-05 08:01:01 [INFO] [272] [Content::query2] 
=============Content 查询==============
contentId:
contentType:company
contentKey:site_desc
querySize:0
isPaging:
curPage:
2015-11-05 08:01:01 [DEBUG] [355] [Content::query2] 查询文本内容1条.
2015-11-05 08:01:01 [INFO] [272] [Content::query2] 
=============Content 查询==============
contentId:
contentType:company
contentKey:site_desc
querySize:0
isPaging:
curPage:
2015-11-05 08:01:01 [DEBUG] [355] [Content::query2] 查询文本内容1条.
2015-11-05 08:01:01 [INFO] [272] [Content::query2] 
=============Content 查询==============
contentId:
contentType:company
contentKey:site_desc
querySize:0
isPaging:
curPage:
2015-11-05 08:01:01 [DEBUG] [355] [Content::query2] 查询文本内容1条.
2015-11-05 08:01:01 [INFO] [77] [DocFile::cache] Cache content data
2015-11-05 08:01:01 [DEBUG] [184] [DocFile::query] 查询文件SQL: select file_id, file_key, in_module, saved_path, showed_name, ext_name, file_url, file_desc, rec_date, file_sort from doc_file where 1=1 and in_module='company' order by rec_date desc
2015-11-05 08:01:02 [DEBUG] [208] [DocFile::query] 查询文件7条记录.
2015-11-05 08:01:02 [DEBUG] [0] [===test===] site_banner
2015-11-05 08:01:02 [DEBUG] [0] [===test===] company_links
2015-11-05 08:01:02 [DEBUG] [0] [===test===] company_links
2015-11-05 08:01:02 [DEBUG] [0] [===test===] company_links
2015-11-05 08:01:02 [DEBUG] [0] [===test===] company_barcode
2015-11-05 08:01:02 [DEBUG] [0] [===test===] company_banner
2015-11-05 08:01:02 [DEBUG] [0] [===test===] company_banner
2015-11-05 08:01:02 [DEBUG] [0] [===test===] company_banner
2015-11-05 08:01:02 [INFO] [272] [Content::query2] 
=============Content 查询==============
contentId:
contentType:company
contentKey:hot_search
querySize:0
isPaging:
curPage:
2015-11-05 08:01:02 [DEBUG] [355] [Content::query2] 查询文本内容0条.
2015-11-05 08:01:02 [DEBUG] [184] [DocFile::query] 查询文件SQL: select file_id, file_key, in_module, saved_path, showed_name, ext_name, file_url, file_desc, rec_date, file_sort from doc_file where 1=1 and in_module='company' and file_key='company_barcode' order by rec_date desc
2015-11-05 08:01:03 [DEBUG] [208] [DocFile::query] 查询文件1条记录.
2015-11-05 08:01:03 [INFO] [272] [Content::query2] 
=============Content 查询==============
contentId:
contentType:case
contentKey:
querySize:8
isPaging:
curPage:
2015-11-05 08:01:03 [DEBUG] [355] [Content::query2] 查询文本内容8条.
2015-11-05 08:01:03 [DEBUG] [166] [Product::query] 查询商品SQL: select p.product_id, p.product_no, p.product_name, p.sort_id, p.order_no, p.m_image, p.ali_url,p.is_recommend, p.is_showhome, p.rec_date, s.sort_name from product p left join p_sort s on p.sort_id = s.sort_id where 1=1 and p.is_recommend=1 order by p.rec_date desc limit 10
2015-11-05 08:01:04 [DEBUG] [191] [Product::query] 查询商品10条.
2015-11-05 08:01:04 [DEBUG] [140] [Sort::query] 查询商品类型SQL: select sort_id, sort_name from p_sort where 1=1 order by rec_date desc limit 25
2015-11-05 08:01:05 [DEBUG] [156] [Sort::query] 查询商品类型11条.
2015-11-05 08:01:05 [INFO] [272] [Content::query2] 
=============Content 查询==============
contentId:
contentType:company
contentKey:company_name
querySize:0
isPaging:
curPage:
2015-11-05 08:01:05 [DEBUG] [355] [Content::query2] 查询文本内容1条.
2015-11-05 08:01:05 [INFO] [272] [Content::query2] 
=============Content 查询==============
contentId:
contentType:company
contentKey:company_qq
querySize:0
isPaging:
curPage:
2015-11-05 08:01:05 [DEBUG] [355] [Content::query2] 查询文本内容1条.
2015-11-05 08:01:05 [INFO] [272] [Content::query2] 
=============Content 查询==============
contentId:
contentType:company
contentKey:official_site
querySize:0
isPaging:
curPage:
2015-11-05 08:01:05 [DEBUG] [355] [Content::query2] 查询文本内容1条.
2015-11-05 08:01:05 [INFO] [272] [Content::query2] 
=============Content 查询==============
contentId:
contentType:company
contentKey:ali_wangwang
querySize:0
isPaging:
curPage:
2015-11-05 08:01:05 [DEBUG] [355] [Content::query2] 查询文本内容1条.
2015-11-05 08:01:44 [DEBUG] [140] [Sort::query] 查询商品类型SQL: select sort_id, sort_name from p_sort where 1=1 order by rec_date desc
2015-11-05 08:01:45 [DEBUG] [156] [Sort::query] 查询商品类型11条.
2015-11-05 08:01:45 [DEBUG] [252] [Product::rcount] 查询商品总数SQL: select count(1) as rcount from product where 1=1 and sort_id='12'
2015-11-05 08:01:47 [DEBUG] [265] [Product::rcount] 查询商品总数1.
2015-11-05 08:01:47 [DEBUG] [166] [Product::query] 查询商品SQL: select p.product_id, p.product_no, p.product_name, p.sort_id, p.order_no, p.m_image, p.ali_url,p.is_recommend, p.is_showhome, p.rec_date, s.sort_name from product p left join p_sort s on p.sort_id = s.sort_id where 1=1 and p.sort_id='12' order by p.rec_date desc limit 0,9
2015-11-05 08:01:48 [DEBUG] [191] [Product::query] 查询商品1条.
2015-11-05 08:01:48 [INFO] [272] [Content::query2] 
=============Content 查询==============
contentId:
contentType:company
contentKey:site_name
querySize:0
isPaging:
curPage:
2015-11-05 08:01:48 [DEBUG] [377] [Content::queryAll] 查询所有Content数据: select content_id, content_type, content_key, content, subject, m_image, rec_date from content where 1 = 1 order by rec_date desc
2015-11-05 08:01:49 [DEBUG] [399] [Content::queryAll] 查询所有Content数据81条.
2015-11-05 08:01:49 [DEBUG] [355] [Content::query2] 查询文本内容1条.
2015-11-05 08:01:49 [INFO] [272] [Content::query2] 
=============Content 查询==============
contentId:
contentType:company
contentKey: seo_key
querySize:0
isPaging:
curPage:
2015-11-05 08:01:49 [DEBUG] [355] [Content::query2] 查询文本内容0条.
2015-11-05 08:01:49 [INFO] [272] [Content::query2] 
=============Content 查询==============
contentId:
contentType:company
contentKey: site_desc
querySize:0
isPaging:
curPage:
2015-11-05 08:01:49 [DEBUG] [355] [Content::query2] 查询文本内容0条.
2015-11-05 08:01:49 [INFO] [272] [Content::query2] 
=============Content 查询==============
contentId:
contentType:company
contentKey:brand_recommend
querySize:0
isPaging:
curPage:
2015-11-05 08:01:49 [DEBUG] [355] [Content::query2] 查询文本内容4条.
2015-11-05 08:01:49 [INFO] [272] [Content::query2] 
=============Content 查询==============
contentId:
contentType:company
contentKey:site_notice
querySize:0
isPaging:
curPage:
2015-11-05 08:01:49 [DEBUG] [355] [Content::query2] 查询文本内容1条.
2015-11-05 08:01:49 [DEBUG] [184] [DocFile::query] 查询文件SQL: select file_id, file_key, in_module, saved_path, showed_name, ext_name, file_url, file_desc, rec_date, file_sort from doc_file where 1=1 and in_module='company' and file_key='company_banner' order by rec_date desc
2015-11-05 08:01:50 [DEBUG] [208] [DocFile::query] 查询文件3条记录.
2015-11-05 08:01:50 [INFO] [272] [Content::query2] 
=============Content 查询==============
contentId:
contentType:company
contentKey:site_desc
querySize:0
isPaging:
curPage:
2015-11-05 08:01:50 [DEBUG] [355] [Content::query2] 查询文本内容1条.
2015-11-05 08:01:50 [INFO] [272] [Content::query2] 
=============Content 查询==============
contentId:
contentType:company
contentKey:site_desc
querySize:0
isPaging:
curPage:
2015-11-05 08:01:50 [DEBUG] [355] [Content::query2] 查询文本内容1条.
2015-11-05 08:01:50 [INFO] [272] [Content::query2] 
=============Content 查询==============
contentId:
contentType:company
contentKey:site_desc
querySize:0
isPaging:
curPage:
2015-11-05 08:01:50 [DEBUG] [355] [Content::query2] 查询文本内容1条.
2015-11-05 08:01:50 [INFO] [77] [DocFile::cache] Cache content data
2015-11-05 08:01:50 [DEBUG] [184] [DocFile::query] 查询文件SQL: select file_id, file_key, in_module, saved_path, showed_name, ext_name, file_url, file_desc, rec_date, file_sort from doc_file where 1=1 and in_module='company' order by rec_date desc
2015-11-05 08:01:51 [DEBUG] [208] [DocFile::query] 查询文件7条记录.
2015-11-05 08:01:51 [DEBUG] [0] [===test===] site_banner
2015-11-05 08:01:51 [DEBUG] [0] [===test===] company_links
2015-11-05 08:01:51 [DEBUG] [0] [===test===] company_links
2015-11-05 08:01:51 [DEBUG] [0] [===test===] company_links
2015-11-05 08:01:51 [DEBUG] [0] [===test===] company_barcode
2015-11-05 08:01:51 [DEBUG] [0] [===test===] company_banner
2015-11-05 08:01:51 [DEBUG] [0] [===test===] company_banner
2015-11-05 08:01:51 [DEBUG] [0] [===test===] company_banner
2015-11-05 08:01:51 [INFO] [272] [Content::query2] 
=============Content 查询==============
contentId:
contentType:company
contentKey:hot_search
querySize:0
isPaging:
curPage:
2015-11-05 08:01:51 [DEBUG] [355] [Content::query2] 查询文本内容0条.
2015-11-05 08:01:51 [DEBUG] [184] [DocFile::query] 查询文件SQL: select file_id, file_key, in_module, saved_path, showed_name, ext_name, file_url, file_desc, rec_date, file_sort from doc_file where 1=1 and in_module='company' and file_key='company_barcode' order by rec_date desc
2015-11-05 08:01:52 [DEBUG] [208] [DocFile::query] 查询文件1条记录.
2015-11-05 08:01:52 [INFO] [272] [Content::query2] 
=============Content 查询==============
contentId:
contentType:case
contentKey:
querySize:8
isPaging:
curPage:
2015-11-05 08:01:52 [DEBUG] [355] [Content::query2] 查询文本内容8条.
2015-11-05 08:01:52 [INFO] [272] [Content::query2] 
=============Content 查询==============
contentId:
contentType:news
contentKey:
querySize:8
isPaging:
curPage:
2015-11-05 08:01:52 [DEBUG] [355] [Content::query2] 查询文本内容8条.
2015-11-05 08:01:52 [DEBUG] [166] [Product::query] 查询商品SQL: select p.product_id, p.product_no, p.product_name, p.sort_id, p.order_no, p.m_image, p.ali_url,p.is_recommend, p.is_showhome, p.rec_date, s.sort_name from product p left join p_sort s on p.sort_id = s.sort_id where 1=1 and p.is_recommend=1 order by p.rec_date desc limit 10
2015-11-05 08:01:53 [DEBUG] [191] [Product::query] 查询商品10条.
2015-11-05 08:01:53 [INFO] [272] [Content::query2] 
=============Content 查询==============
contentId:
contentType:company
contentKey:company_name
querySize:0
isPaging:
curPage:
2015-11-05 08:01:53 [DEBUG] [355] [Content::query2] 查询文本内容1条.
2015-11-05 08:01:53 [INFO] [272] [Content::query2] 
=============Content 查询==============
contentId:
contentType:company
contentKey:company_qq
querySize:0
isPaging:
curPage:
2015-11-05 08:01:53 [DEBUG] [355] [Content::query2] 查询文本内容1条.
2015-11-05 08:01:53 [INFO] [272] [Content::query2] 
=============Content 查询==============
contentId:
contentType:company
contentKey:official_site
querySize:0
isPaging:
curPage:
2015-11-05 08:01:53 [DEBUG] [355] [Content::query2] 查询文本内容1条.
2015-11-05 08:01:53 [INFO] [272] [Content::query2] 
=============Content 查询==============
contentId:
contentType:company
contentKey:ali_wangwang
querySize:0
isPaging:
curPage:
2015-11-05 08:01:53 [DEBUG] [355] [Content::query2] 查询文本内容1条.
2015-11-05 08:01:53 [DEBUG] [0] [===test===] company_links
2015-11-05 08:01:53 [DEBUG] [0] [===test===] company_links
2015-11-05 08:01:53 [DEBUG] [0] [===test===] company_links
2015-11-05 08:01:53 [DEBUG] [0] [===test===] company_links
2015-11-05 08:01:53 [DEBUG] [0] [===test===] company_barcode
2015-11-05 08:01:53 [DEBUG] [0] [===test===] company_banner
2015-11-05 08:01:53 [DEBUG] [0] [===test===] company_banner
2015-11-05 08:01:53 [DEBUG] [0] [===test===] company_banner
2015-11-05 08:01:53 [INFO] [272] [Content::query2] 
=============Content 查询==============
contentId:
contentType:company
contentKey:company_phone
querySize:0
isPaging:
curPage:
2015-11-05 08:01:53 [DEBUG] [355] [Content::query2] 查询文本内容1条.
2015-11-05 08:01:53 [INFO] [272] [Content::query2] 
=============Content 查询==============
contentId:
contentType:company
contentKey:company_fax
querySize:0
isPaging:
curPage:
2015-11-05 08:01:53 [DEBUG] [355] [Content::query2] 查询文本内容1条.
2015-11-05 08:01:53 [INFO] [272] [Content::query2] 
=============Content 查询==============
contentId:
contentType:company
contentKey:mobile_phone
querySize:0
isPaging:
curPage:
2015-11-05 08:01:53 [DEBUG] [355] [Content::query2] 查询文本内容1条.
2015-11-05 08:01:53 [INFO] [272] [Content::query2] 
=============Content 查询==============
contentId:
contentType:company
contentKey:contact_person
querySize:0
isPaging:
curPage:
2015-11-05 08:01:53 [DEBUG] [355] [Content::query2] 查询文本内容1条.
2015-11-05 08:01:53 [INFO] [272] [Content::query2] 
=============Content 查询==============
contentId:
contentType:company
contentKey:company_qq
querySize:0
isPaging:
curPage:
2015-11-05 08:01:53 [DEBUG] [355] [Content::query2] 查询文本内容1条.
2015-11-05 08:01:53 [INFO] [272] [Content::query2] 
=============Content 查询==============
contentId:
contentType:company
contentKey:ali_wangwang
querySize:0
isPaging:
curPage:
2015-11-05 08:01:53 [DEBUG] [355] [Content::query2] 查询文本内容1条.
2015-11-05 08:01:53 [INFO] [272] [Content::query2] 
=============Content 查询==============
contentId:
contentType:company
contentKey:company_email
querySize:0
isPaging:
curPage:
2015-11-05 08:01:53 [DEBUG] [355] [Content::query2] 查询文本内容1条.
2015-11-05 08:01:53 [INFO] [272] [Content::query2] 
=============Content 查询==============
contentId:
contentType:company
contentKey:official_site
querySize:0
isPaging:
curPage:
2015-11-05 08:01:53 [DEBUG] [355] [Content::query2] 查询文本内容1条.
2015-11-05 08:01:53 [INFO] [272] [Content::query2] 
=============Content 查询==============
contentId:
contentType:company
contentKey:ali_store
querySize:0
isPaging:
curPage:
2015-11-05 08:01:53 [DEBUG] [355] [Content::query2] 查询文本内容1条.
2015-11-05 08:01:53 [INFO] [272] [Content::query2] 
=============Content 查询==============
contentId:
contentType:company
contentKey:company_addr
querySize:0
isPaging:
curPage:
2015-11-05 08:01:53 [DEBUG] [355] [Content::query2] 查询文本内容1条.
2015-11-05 08:01:53 [INFO] [272] [Content::query2] 
=============Content 查询==============
contentId:
contentType:company
contentKey:other_contact
querySize:0
isPaging:
curPage:
2015-11-05 08:01:53 [DEBUG] [355] [Content::query2] 查询文本内容1条.
2015-11-05 08:02:24 [DEBUG] [166] [Product::query] 查询商品SQL: select p.product_id, p.product_no, p.product_name, p.sort_id, p.order_no, p.m_image, p.ali_url,p.is_recommend, p.is_showhome, p.rec_date, s.sort_name from product p left join p_sort s on p.sort_id = s.sort_id where 1=1 and p.is_showhome=1 order by p.rec_date desc limit 15
2015-11-05 08:02:25 [DEBUG] [191] [Product::query] 查询商品15条.
2015-11-05 08:02:25 [INFO] [272] [Content::query2] 
=============Content 查询==============
contentId:
contentType:news
contentKey:
querySize:10
isPaging:
curPage:
2015-11-05 08:02:25 [DEBUG] [377] [Content::queryAll] 查询所有Content数据: select content_id, content_type, content_key, content, subject, m_image, rec_date from content where 1 = 1 order by rec_date desc
2015-11-05 08:02:26 [DEBUG] [399] [Content::queryAll] 查询所有Content数据81条.
2015-11-05 08:02:26 [DEBUG] [355] [Content::query2] 查询文本内容10条.
2015-11-05 08:02:26 [INFO] [272] [Content::query2] 
=============Content 查询==============
contentId:
contentType:case
contentKey:
querySize:10
isPaging:
curPage:
2015-11-05 08:02:26 [DEBUG] [355] [Content::query2] 查询文本内容10条.
2015-11-05 08:02:26 [INFO] [272] [Content::query2] 
=============Content 查询==============
contentId:
contentType:company
contentKey:site_name
querySize:0
isPaging:
curPage:
2015-11-05 08:02:26 [DEBUG] [355] [Content::query2] 查询文本内容1条.
2015-11-05 08:02:26 [INFO] [272] [Content::query2] 
=============Content 查询==============
contentId:
contentType:company
contentKey: seo_key
querySize:0
isPaging:
curPage:
2015-11-05 08:02:26 [DEBUG] [355] [Content::query2] 查询文本内容0条.
2015-11-05 08:02:26 [INFO] [272] [Content::query2] 
=============Content 查询==============
contentId:
contentType:company
contentKey: site_desc
querySize:0
isPaging:
curPage:
2015-11-05 08:02:26 [DEBUG] [355] [Content::query2] 查询文本内容0条.
2015-11-05 08:02:26 [INFO] [272] [Content::query2] 
=============Content 查询==============
contentId:
contentType:company
contentKey:brand_recommend
querySize:0
isPaging:
curPage:
2015-11-05 08:02:26 [DEBUG] [355] [Content::query2] 查询文本内容4条.
2015-11-05 08:02:26 [INFO] [272] [Content::query2] 
=============Content 查询==============
contentId:
contentType:company
contentKey:site_notice
querySize:0
isPaging:
curPage:
2015-11-05 08:02:26 [DEBUG] [355] [Content::query2] 查询文本内容1条.
2015-11-05 08:02:26 [DEBUG] [184] [DocFile::query] 查询文件SQL: select file_id, file_key, in_module, saved_path, showed_name, ext_name, file_url, file_desc, rec_date, file_sort from doc_file where 1=1 and in_module='company' and file_key='company_banner' order by rec_date desc
2015-11-05 08:02:27 [DEBUG] [208] [DocFile::query] 查询文件3条记录.
2015-11-05 08:02:27 [INFO] [272] [Content::query2] 
=============Content 查询==============
contentId:
contentType:company
contentKey:site_desc
querySize:0
isPaging:
curPage:
2015-11-05 08:02:27 [DEBUG] [355] [Content::query2] 查询文本内容1条.
2015-11-05 08:02:27 [INFO] [272] [Content::query2] 
=============Content 查询==============
contentId:
contentType:company
contentKey:site_desc
querySize:0
isPaging:
curPage:
2015-11-05 08:02:27 [DEBUG] [355] [Content::query2] 查询文本内容1条.
2015-11-05 08:02:27 [INFO] [272] [Content::query2] 
=============Content 查询==============
contentId:
contentType:company
contentKey:site_desc
querySize:0
isPaging:
curPage:
2015-11-05 08:02:27 [DEBUG] [355] [Content::query2] 查询文本内容1条.
2015-11-05 08:02:27 [INFO] [77] [DocFile::cache] Cache content data
2015-11-05 08:02:27 [DEBUG] [184] [DocFile::query] 查询文件SQL: select file_id, file_key, in_module, saved_path, showed_name, ext_name, file_url, file_desc, rec_date, file_sort from doc_file where 1=1 and in_module='company' order by rec_date desc
2015-11-05 08:02:29 [DEBUG] [208] [DocFile::query] 查询文件7条记录.
2015-11-05 08:02:29 [DEBUG] [0] [===test===] site_banner
2015-11-05 08:02:29 [DEBUG] [0] [===test===] company_links
2015-11-05 08:02:29 [DEBUG] [0] [===test===] company_links
2015-11-05 08:02:29 [DEBUG] [0] [===test===] company_links
2015-11-05 08:02:29 [DEBUG] [0] [===test===] company_barcode
2015-11-05 08:02:29 [DEBUG] [0] [===test===] company_banner
2015-11-05 08:02:29 [DEBUG] [0] [===test===] company_banner
2015-11-05 08:02:29 [DEBUG] [0] [===test===] company_banner
2015-11-05 08:02:29 [INFO] [272] [Content::query2] 
=============Content 查询==============
contentId:
contentType:company
contentKey:hot_search
querySize:0
isPaging:
curPage:
2015-11-05 08:02:29 [DEBUG] [355] [Content::query2] 查询文本内容0条.
2015-11-05 08:02:29 [DEBUG] [184] [DocFile::query] 查询文件SQL: select file_id, file_key, in_module, saved_path, showed_name, ext_name, file_url, file_desc, rec_date, file_sort from doc_file where 1=1 and in_module='company' and file_key='company_barcode' order by rec_date desc
2015-11-05 08:02:30 [DEBUG] [208] [DocFile::query] 查询文件1条记录.
2015-11-05 08:02:30 [DEBUG] [166] [Product::query] 查询商品SQL: select p.product_id, p.product_no, p.product_name, p.sort_id, p.order_no, p.m_image, p.ali_url,p.is_recommend, p.is_showhome, p.rec_date, s.sort_name from product p left join p_sort s on p.sort_id = s.sort_id where 1=1 and p.is_recommend=1 order by p.rec_date desc limit 10
2015-11-05 08:02:31 [DEBUG] [191] [Product::query] 查询商品10条.
2015-11-05 08:02:31 [DEBUG] [140] [Sort::query] 查询商品类型SQL: select sort_id, sort_name from p_sort where 1=1 order by rec_date desc limit 25
2015-11-05 08:02:32 [DEBUG] [156] [Sort::query] 查询商品类型11条.
2015-11-05 08:02:32 [INFO] [272] [Content::query2] 
=============Content 查询==============
contentId:
contentType:company
contentKey:company_name
querySize:0
isPaging:
curPage:
2015-11-05 08:02:32 [DEBUG] [355] [Content::query2] 查询文本内容1条.
2015-11-05 08:02:32 [INFO] [272] [Content::query2] 
=============Content 查询==============
contentId:
contentType:company
contentKey:company_qq
querySize:0
isPaging:
curPage:
2015-11-05 08:02:32 [DEBUG] [355] [Content::query2] 查询文本内容1条.
2015-11-05 08:02:32 [INFO] [272] [Content::query2] 
=============Content 查询==============
contentId:
contentType:company
contentKey:official_site
querySize:0
isPaging:
curPage:
2015-11-05 08:02:32 [DEBUG] [355] [Content::query2] 查询文本内容1条.
2015-11-05 08:02:32 [INFO] [272] [Content::query2] 
=============Content 查询==============
contentId:
contentType:company
contentKey:ali_wangwang
querySize:0
isPaging:
curPage:
2015-11-05 08:02:32 [DEBUG] [355] [Content::query2] 查询文本内容1条.
2015-11-05 08:02:32 [INFO] [272] [Content::query2] 
=============Content 查询==============
contentId:
contentType:company
contentKey:site_desc
querySize:0
isPaging:
curPage:
2015-11-05 08:02:32 [DEBUG] [355] [Content::query2] 查询文本内容1条.
2015-11-05 08:02:32 [INFO] [272] [Content::query2] 
=============Content 查询==============
contentId:
contentType:company
contentKey:site_desc
querySize:0
isPaging:
curPage:
2015-11-05 08:02:32 [DEBUG] [355] [Content::query2] 查询文本内容1条.
2015-11-05 08:02:32 [INFO] [272] [Content::query2] 
=============Content 查询==============
contentId:
contentType:company
contentKey:contact_person
querySize:0
isPaging:
curPage:
2015-11-05 08:02:32 [DEBUG] [355] [Content::query2] 查询文本内容1条.
2015-11-05 08:02:32 [INFO] [272] [Content::query2] 
=============Content 查询==============
contentId:
contentType:company
contentKey:company_phone
querySize:0
isPaging:
curPage:
2015-11-05 08:02:32 [DEBUG] [355] [Content::query2] 查询文本内容1条.
2015-11-05 08:02:32 [INFO] [272] [Content::query2] 
=============Content 查询==============
contentId:
contentType:company
contentKey:mobile_phone
querySize:0
isPaging:
curPage:
2015-11-05 08:02:32 [DEBUG] [355] [Content::query2] 查询文本内容1条.
2015-11-05 08:02:32 [INFO] [272] [Content::query2] 
=============Content 查询==============
contentId:
contentType:company
contentKey:contact_person
querySize:0
isPaging:
curPage:
2015-11-05 08:02:32 [DEBUG] [355] [Content::query2] 查询文本内容1条.
2015-11-05 08:02:32 [INFO] [272] [Content::query2] 
=============Content 查询==============
contentId:
contentType:company
contentKey:company_phone
querySize:0
isPaging:
curPage:
2015-11-05 08:02:32 [DEBUG] [355] [Content::query2] 查询文本内容1条.
2015-11-05 08:02:32 [INFO] [272] [Content::query2] 
=============Content 查询==============
contentId:
contentType:company
contentKey:mobile_phone
querySize:0
isPaging:
curPage:
2015-11-05 08:02:32 [DEBUG] [355] [Content::query2] 查询文本内容1条.
2015-11-05 08:02:32 [INFO] [272] [Content::query2] 
=============Content 查询==============
contentId:
contentType:company
contentKey:company_phone
querySize:0
isPaging:
curPage:
2015-11-05 08:02:32 [DEBUG] [355] [Content::query2] 查询文本内容1条.
2015-11-05 08:02:32 [INFO] [272] [Content::query2] 
=============Content 查询==============
contentId:
contentType:company
contentKey:mobile_phone
querySize:0
isPaging:
curPage:
2015-11-05 08:02:32 [DEBUG] [355] [Content::query2] 查询文本内容1条.
2015-11-05 08:02:32 [INFO] [272] [Content::query2] 
=============Content 查询==============
contentId:
contentType:company
contentKey:company_outline
querySize:0
isPaging:
curPage:
2015-11-05 08:02:32 [DEBUG] [355] [Content::query2] 查询文本内容1条.
2015-11-05 08:02:32 [INFO] [272] [Content::query2] 
=============Content 查询==============
contentId:
contentType:company
contentKey:company_outline
querySize:0
isPaging:
curPage:
2015-11-05 08:02:32 [DEBUG] [355] [Content::query2] 查询文本内容1条.
2015-11-05 08:02:32 [DEBUG] [0] [===test===] company_links
2015-11-05 08:02:32 [DEBUG] [0] [===test===] company_links
2015-11-05 08:02:32 [DEBUG] [0] [===test===] company_links
2015-11-05 08:02:32 [DEBUG] [0] [===test===] company_links
2015-11-05 08:02:32 [DEBUG] [0] [===test===] company_barcode
2015-11-05 08:02:32 [DEBUG] [0] [===test===] company_banner
2015-11-05 08:02:32 [DEBUG] [0] [===test===] company_banner
2015-11-05 08:02:32 [DEBUG] [0] [===test===] company_banner
2015-11-05 08:02:32 [INFO] [272] [Content::query2] 
=============Content 查询==============
contentId:
contentType:company
contentKey:company_phone
querySize:0
isPaging:
curPage:
2015-11-05 08:02:32 [DEBUG] [355] [Content::query2] 查询文本内容1条.
2015-11-05 08:02:32 [INFO] [272] [Content::query2] 
=============Content 查询==============
contentId:
contentType:company
contentKey:company_fax
querySize:0
isPaging:
curPage:
2015-11-05 08:02:32 [DEBUG] [355] [Content::query2] 查询文本内容1条.
2015-11-05 08:02:32 [INFO] [272] [Content::query2] 
=============Content 查询==============
contentId:
contentType:company
contentKey:mobile_phone
querySize:0
isPaging:
curPage:
2015-11-05 08:02:32 [DEBUG] [355] [Content::query2] 查询文本内容1条.
2015-11-05 08:02:32 [INFO] [272] [Content::query2] 
=============Content 查询==============
contentId:
contentType:company
contentKey:contact_person
querySize:0
isPaging:
curPage:
2015-11-05 08:02:32 [DEBUG] [355] [Content::query2] 查询文本内容1条.
2015-11-05 08:02:32 [INFO] [272] [Content::query2] 
=============Content 查询==============
contentId:
contentType:company
contentKey:company_qq
querySize:0
isPaging:
curPage:
2015-11-05 08:02:32 [DEBUG] [355] [Content::query2] 查询文本内容1条.
2015-11-05 08:02:32 [INFO] [272] [Content::query2] 
=============Content 查询==============
contentId:
contentType:company
contentKey:ali_wangwang
querySize:0
isPaging:
curPage:
2015-11-05 08:02:32 [DEBUG] [355] [Content::query2] 查询文本内容1条.
2015-11-05 08:02:32 [INFO] [272] [Content::query2] 
=============Content 查询==============
contentId:
contentType:company
contentKey:company_email
querySize:0
isPaging:
curPage:
2015-11-05 08:02:32 [DEBUG] [355] [Content::query2] 查询文本内容1条.
2015-11-05 08:02:32 [INFO] [272] [Content::query2] 
=============Content 查询==============
contentId:
contentType:company
contentKey:official_site
querySize:0
isPaging:
curPage:
2015-11-05 08:02:32 [DEBUG] [355] [Content::query2] 查询文本内容1条.
2015-11-05 08:02:32 [INFO] [272] [Content::query2] 
=============Content 查询==============
contentId:
contentType:company
contentKey:ali_store
querySize:0
isPaging:
curPage:
2015-11-05 08:02:32 [DEBUG] [355] [Content::query2] 查询文本内容1条.
2015-11-05 08:02:32 [INFO] [272] [Content::query2] 
=============Content 查询==============
contentId:
contentType:company
contentKey:company_addr
querySize:0
isPaging:
curPage:
2015-11-05 08:02:32 [DEBUG] [355] [Content::query2] 查询文本内容1条.
2015-11-05 08:02:32 [INFO] [272] [Content::query2] 
=============Content 查询==============
contentId:
contentType:company
contentKey:other_contact
querySize:0
isPaging:
curPage:
2015-11-05 08:02:32 [DEBUG] [355] [Content::query2] 查询文本内容1条.
2015-11-05 08:02:40 [DEBUG] [140] [Sort::query] 查询商品类型SQL: select sort_id, sort_name from p_sort where 1=1 order by rec_date desc
2015-11-05 08:02:41 [DEBUG] [156] [Sort::query] 查询商品类型11条.
2015-11-05 08:02:41 [DEBUG] [252] [Product::rcount] 查询商品总数SQL: select count(1) as rcount from product where 1=1 and sort_id='12'
2015-11-05 08:02:42 [DEBUG] [265] [Product::rcount] 查询商品总数1.
2015-11-05 08:02:42 [DEBUG] [166] [Product::query] 查询商品SQL: select p.product_id, p.product_no, p.product_name, p.sort_id, p.order_no, p.m_image, p.ali_url,p.is_recommend, p.is_showhome, p.rec_date, s.sort_name from product p left join p_sort s on p.sort_id = s.sort_id where 1=1 and p.sort_id='12' order by p.rec_date desc limit 0,9
