2015-11-05 04:30:54 [DEBUG] [4] [/] ====================request data===========================
2015-11-05 04:30:54 [DEBUG] [4] [/] page: product
2015-11-05 04:30:54 [DEBUG] [5] [/] page=product
2015-11-05 04:30:54 [DEBUG] [3] [/] ====================request data===========================
2015-11-05 04:30:54 [DEBUG] [3] [/] type: list
2015-11-05 04:30:54 [DEBUG] [3] [/] module: sort
2015-11-05 04:30:54 [DEBUG] [140] [Sort::query] 查询商品类型SQL: select sort_id, sort_name from p_sort where 1=1 order by rec_date desc
2015-11-05 04:30:55 [DEBUG] [156] [Sort::query] 查询商品类型11条.
2015-11-05 04:30:55 [ERROR] [111] [/] 查询类型商品Json: [{"sortId":"12","sortName":"防水试验房","recDate":null},{"sortId":"11","sortName":"综合淋雨箱","recDate":null},{"sortId":"9","sortName":"喷水试验装置","recDate":null},{"sortId":"8","sortName":"花洒淋雨试验装置","recDate":null},{"sortId":"7","sortName":"高温高压喷淋试验装置","recDate":null},{"sortId":"6","sortName":"压力浸水试验装置","recDate":null},{"sortId":"5","sortName":"浸水试验装置","recDate":null},{"sortId":"4","sortName":"强喷水试验装置","recDate":null},{"sortId":"3","sortName":"摆管淋雨试验装置","recDate":null},{"sortId":"2","sortName":"垂直滴雨试验装置","recDate":null},{"sortId":"1","sortName":"汽车淋雨检测线","recDate":null}]
2015-11-05 04:30:55 [DEBUG] [3] [/] ====================request data===========================
2015-11-05 04:30:55 [DEBUG] [3] [/] type: list
2015-11-05 04:30:55 [DEBUG] [3] [/] module: product
2015-11-05 04:30:55 [DEBUG] [3] [/] productType: 0
2015-11-05 04:30:55 [DEBUG] [3] [/] keyword: 
2015-11-05 04:30:55 [DEBUG] [3] [/] isRecommend: 0
2015-11-05 04:30:55 [DEBUG] [3] [/] isShowHome: 0
2015-11-05 04:30:55 [DEBUG] [3] [/] isPaging: 1
2015-11-05 04:30:55 [DEBUG] [3] [/] size: 15
2015-11-05 04:30:55 [DEBUG] [3] [/] curPage: 1
2015-11-05 04:30:55 [DEBUG] [166] [Product::query] 查询商品SQL: select p.product_id, p.product_no, p.product_name, p.sort_id, p.order_no, p.m_image, p.ali_url,p.is_recommend, p.is_showhome, p.rec_date, s.sort_name from product p left join p_sort s on p.sort_id = s.sort_id where 1=1 order by p.rec_date desc limit 0,15
2015-11-05 04:30:56 [DEBUG] [191] [Product::query] 查询商品15条.
2015-11-05 04:30:56 [ERROR] [179] [/] 查询商品Json: [{"productId":"6","productName":"YX-ZC400S综合淋雨箱","productNo":"0","productType":"11","typeName":"综合淋雨箱","mImage":"..\/upload\/product\/product1446367863.jpg","aliUrl":"http:\/\/www.yuexin80.com\/supply\/113.html","isRecommend":"1","isShowHome":"1","orderNo":"0","recDate":null,"content":null},{"productId":"5","productName":"摆管淋雨试验机_广州摆管淋雨试验","productNo":"0","productType":"3","typeName":"摆管淋雨试验装置","mImage":"..\/upload\/product\/product1446367780.jpg","aliUrl":"http:\/\/www.yuexin80.com\/supply\/114.html","isRecommend":"1","isShowHome":"1","orderNo":"0","recDate":null,"content":null},{"productId":"3","productName":"汽车淋雨检测线_广州汽车淋雨检测","productNo":"0","productType":"3","typeName":"摆管淋雨试验装置","mImage":"..\/upload\/product\/product1446367687.jpg","aliUrl":"http:\/\/www.yuexin80.com\/supply\/116.html","isRecommend":"1","isShowHome":"1","orderNo":"0","recDate":null,"content":null},{"productId":"1","productName":"IP防水试验机_广州IP防水试验机厂家","productNo":"0","productType":"11","typeName":"综合淋雨箱","mImage":"..\/upload\/product\/product1446367542.jpg","aliUrl":"http:\/\/www.yuexin80.com\/supply\/118.html","isRecommend":"1","isShowHome":"1","orderNo":"0","recDate":null,"content":null},{"productId":"19","productName":"IPX800E600-1200 30米压力","productNo":"0","productType":"8","typeName":"花洒淋雨试验装置","mImage":"..\/upload\/product\/product1446371279.jpg","aliUrl":"","isRecommend":"1","isShowHome":"1","orderNo":"0","recDate":null,"content":null},{"productId":"16","productName":"IPX800A500-500压力浸水","productNo":"0","productType":"6","typeName":"压力浸水试验装置","mImage":"..\/upload\/product\/product1446371122.jpg","aliUrl":"http:\/\/www.yuexin80.com\/supply\/101.html","isRecommend":"1","isShowHome":"1","orderNo":"0","recDate":null,"content":null},{"productId":"18","productName":"700C浸水试验装置","productNo":"0","productType":"5","typeName":"浸水试验装置","mImage":"..\/upload\/product\/product1446368590.jpg","aliUrl":"http:\/\/www.yuexin80.com\/supply\/95.html","isRecommend":"1","isShowHome":"1","orderNo":"0","recDate":null,"content":null},{"productId":"17","productName":"700F浸水试验装置","productNo":"0","productType":"4","typeName":"强喷水试验装置","mImage":"..\/upload\/product\/product1446368540.jpg","aliUrl":"http:\/\/www.yuexin80.com\/supply\/97.html","isRecommend":"1","isShowHome":"1","orderNo":"0","recDate":null,"content":null},{"productId":"15","productName":"IPX800B500-500 50m","productNo":"0","productType":"12","typeName":"防水试验房","mImage":"..\/upload\/product\/product1446368431.jpg","aliUrl":"http:\/\/www.yuexin80.com\/supply\/102.html","isRecommend":"1","isShowHome":"1","orderNo":"0","recDate":null,"content":null},{"productId":"14","productName":"IPX800C500-1200压力浸水","productNo":"0","productType":"5","typeName":"浸水试验装置","mImage":"..\/upload\/product\/product1446368387.jpg","aliUrl":"http:\/\/www.yuexin80.com\/supply\/106.html","isRecommend":"1","isShowHome":"1","orderNo":"0","recDate":null,"content":null},{"productId":"13","productName":"IPX800D 500-1200 50米压力","productNo":"0","productType":"5","typeName":"浸水试验装置","mImage":"..\/upload\/product\/product1446368314.jpg","aliUrl":"http:\/\/www.yuexin80.com\/supply\/107.html","isRecommend":"1","isShowHome":"1","orderNo":"0","recDate":null,"content":null},{"productId":"11","productName":"IPX800F600-1200 50米压力浸","productNo":"0","productType":"6","typeName":"压力浸水试验装置","mImage":"..\/upload\/product\/product1446368179.jpg","aliUrl":"http:\/\/www.yuexin80.com\/supply\/109.html","isRecommend":"1","isShowHome":"1","orderNo":"0","recDate":null,"content":null},{"productId":"10","productName":"无流量计花洒淋雨试验装置","productNo":"0","productType":"11","typeName":"综合淋雨箱","mImage":"..\/upload\/product\/product1446368082.jpg","aliUrl":"http:\/\/www.yuexin80.com\/supply\/110.html","isRecommend":"1","isShowHome":"1","orderNo":"0","recDate":null,"content":null},{"productId":"7","productName":"YX-ZC400综合淋雨箱","productNo":"0","productType":"11","typeName":"综合淋雨箱","mImage":"..\/upload\/product\/product1446367917.jpg","aliUrl":"http:\/\/www.yuexin80.com\/supply\/112.html","isRecommend":"1","isShowHome":"1","orderNo":"0","recDate":null,"content":null},{"productId":"2","productName":"摆管淋雨试验机_广州摆管淋雨","productNo":"0","productType":"11","typeName":"综合淋雨箱","mImage":"..\/upload\/product\/product1446367647.jpg","aliUrl":"http:\/\/www.yuexin80.com\/supply\/117.html","isRecommend":"1","isShowHome":"1","orderNo":"0","recDate":null,"content":null}]
2015-11-05 04:30:56 [DEBUG] [3] [/] ====================request data===========================
2015-11-05 04:30:56 [DEBUG] [3] [/] type: count
2015-11-05 04:30:56 [DEBUG] [3] [/] module: product
2015-11-05 04:30:56 [DEBUG] [3] [/] productType: 0
2015-11-05 04:30:56 [DEBUG] [3] [/] keyword: 
2015-11-05 04:30:56 [DEBUG] [3] [/] isRecommend: 0
2015-11-05 04:30:56 [DEBUG] [3] [/] isShowHome: 0
2015-11-05 04:30:56 [DEBUG] [3] [/] isPaging: 1
2015-11-05 04:30:56 [DEBUG] [3] [/] size: 15
2015-11-05 04:30:56 [DEBUG] [3] [/] curPage: 1
2015-11-05 04:30:56 [DEBUG] [252] [Product::rcount] 查询商品总数SQL: select count(1) as rcount from product where 1=1
2015-11-05 04:30:57 [DEBUG] [265] [Product::rcount] 查询商品总数19.
2015-11-05 04:30:57 [ERROR] [183] [/] 查询商品总数: 19
