2013.04.16 15:45 B F:\My documents\boon\client\gloryplace.com.hk\images\demo_gloryplace.jpg --> ftp.joyceleung.com /public_html/gloryplace/images demo_gloryplace.jpg
2013.04.16 16:08 B F:\My documents\boon\client\gloryplace.com.hk\images\demo_gloryplace.jpg --> ftp.joyceleung.com /public_html/gloryplace/images demo_gloryplace.jpg
2013.04.16 16:14 B F:\My documents\boon\client\gloryplace.com.hk\images\demo_gloryplace.jpg --> ftp.joyceleung.com /public_html/gloryplace/images demo_gloryplace.jpg
2013.04.16 16:16 B F:\My documents\boon\client\gloryplace.com.hk\images\demo_gloryplace.jpg --> ftp.joyceleung.com /public_html/gloryplace/images demo_gloryplace.jpg
2013.04.16 16:19 B F:\My documents\boon\client\gloryplace.com.hk\images\demo_gloryplace.jpg --> ftp.joyceleung.com /public_html/gloryplace/images demo_gloryplace.jpg
2013.04.16 16:58 B F:\My documents\boon\client\gloryplace.com.hk\images\demo_gloryplace.jpg --> ftp.joyceleung.com /public_html/gloryplace/images demo_gloryplace.jpg
2013.04.24 20:22 B D:\client\gloryplace.com.hk\images\WS_FTP.LOG <-- Joyce (office) /My documents/boon/client/gloryplace.com.hk/images WS_FTP.LOG
2013.04.24 23:46 B D:\client\gloryplace.com.hk\images\demo_gloryplace.jpg --> ftp.joyceleung.com /public_html/gloryplace/images demo_gloryplace.jpg
2013.04.24 23:46 B D:\client\gloryplace.com.hk\images\bg.jpg --> ftp.joyceleung.com /public_html/gloryplace/images bg.jpg
2013.04.24 23:53 B D:\client\gloryplace.com.hk\images\demo_gloryplace2.psd --> ftp.joyceleung.com /public_html/gloryplace/images demo_gloryplace2.psd
2013.04.25 00:17 B D:\client\gloryplace.com.hk\images\demo_gloryplace.jpg --> ftp.joyceleung.com /public_html/gloryplace/images demo_gloryplace.jpg
2013.04.25 00:30 B D:\client\gloryplace.com.hk\images\demo_gloryplace2.jpg --> ftp.joyceleung.com /public_html/gloryplace/images demo_gloryplace2.jpg
2013.04.25 00:31 B D:\client\gloryplace.com.hk\images\bg2.jpg --> ftp.joyceleung.com /public_html/gloryplace/images bg2.jpg
2013.04.25 00:36 B D:\client\gloryplace.com.hk\images\demo_gloryplace3.psd --> ftp.joyceleung.com /public_html/gloryplace/images demo_gloryplace3.psd
2013.05.14 20:15 B D:\client\gloryplace.com.hk\images\title_who.png <-- joyceleung.com /public_html/test1/images title_who.png
2013.05.14 20:15 B D:\client\gloryplace.com.hk\images\bg.png <-- joyceleung.com /public_html/test1/images bg.png
2013.05.14 20:15 B D:\client\gloryplace.com.hk\images\title_about.png <-- joyceleung.com /public_html/test1/images title_about.png
2013.05.14 20:15 B D:\client\gloryplace.com.hk\images\b_contact_b.png <-- joyceleung.com /public_html/test1/images b_contact_b.png
2013.05.14 20:15 B D:\client\gloryplace.com.hk\images\b_contact_a.png <-- joyceleung.com /public_html/test1/images b_contact_a.png
2013.05.14 20:15 B D:\client\gloryplace.com.hk\images\b_client_b.png <-- joyceleung.com /public_html/test1/images b_client_b.png
2013.05.14 20:15 B D:\client\gloryplace.com.hk\images\b_client_a.png <-- joyceleung.com /public_html/test1/images b_client_a.png
2013.05.14 20:15 B D:\client\gloryplace.com.hk\images\b_service_b.png <-- joyceleung.com /public_html/test1/images b_service_b.png
2013.05.14 20:15 B D:\client\gloryplace.com.hk\images\b_service_a.png <-- joyceleung.com /public_html/test1/images b_service_a.png
2013.05.14 20:15 B D:\client\gloryplace.com.hk\images\b_business_b.png <-- joyceleung.com /public_html/test1/images b_business_b.png
2013.05.14 20:15 B D:\client\gloryplace.com.hk\images\b_business_a.png <-- joyceleung.com /public_html/test1/images b_business_a.png
2013.05.14 20:15 B D:\client\gloryplace.com.hk\images\b_about_b.png <-- joyceleung.com /public_html/test1/images b_about_b.png
2013.05.14 20:15 B D:\client\gloryplace.com.hk\images\b_home_b.png <-- joyceleung.com /public_html/test1/images b_home_b.png
2013.05.14 20:15 B D:\client\gloryplace.com.hk\images\b_home_a.png <-- joyceleung.com /public_html/test1/images b_home_a.png
2013.05.14 20:15 B D:\client\gloryplace.com.hk\images\b_about_a.png <-- joyceleung.com /public_html/test1/images b_about_a.png
2013.05.14 20:15 B D:\client\gloryplace.com.hk\images\logo.png <-- joyceleung.com /public_html/test1/images logo.png
2013.05.14 20:15 B D:\client\gloryplace.com.hk\images\index_banner.png <-- joyceleung.com /public_html/test1/images index_banner.png
2013.05.14 20:15 B D:\client\gloryplace.com.hk\images\index_shadow.png <-- joyceleung.com /public_html/test1/images index_shadow.png
2013.05.14 20:15 B D:\client\gloryplace.com.hk\images\bullet_red_cross.png <-- joyceleung.com /public_html/test1/images bullet_red_cross.png
2013.05.14 20:15 B D:\client\gloryplace.com.hk\images\bg_footer.png <-- joyceleung.com /public_html/test1/images bg_footer.png
2013.05.14 20:15 B D:\client\gloryplace.com.hk\images\index_service_bg.jpg <-- joyceleung.com /public_html/test1/images index_service_bg.jpg
2013.05.14 20:15 B D:\client\gloryplace.com.hk\images\index_service.png <-- joyceleung.com /public_html/test1/images index_service.png
2013.05.14 20:15 B D:\client\gloryplace.com.hk\images\index_business.png <-- joyceleung.com /public_html/test1/images index_business.png
2013.05.14 20:15 B D:\client\gloryplace.com.hk\images\index_about.png <-- joyceleung.com /public_html/test1/images index_about.png
2013.05.14 20:15 B D:\client\gloryplace.com.hk\images\partners_logo.png <-- joyceleung.com /public_html/test1/images partners_logo.png
2013.05.14 20:18 B D:\client\gloryplace.com.hk\images\title.psd <-- Joyce (office) /My documents/boon/client/gloryplace.com.hk/images title.psd
2013.05.14 20:18 B D:\client\gloryplace.com.hk\images\logo.psd <-- Joyce (office) /My documents/boon/client/gloryplace.com.hk/images logo.psd
2013.05.14 20:18 B D:\client\gloryplace.com.hk\images\index_title.psd <-- Joyce (office) /My documents/boon/client/gloryplace.com.hk/images index_title.psd
2013.05.14 20:18 B D:\client\gloryplace.com.hk\images\index_banner.psd <-- Joyce (office) /My documents/boon/client/gloryplace.com.hk/images index_banner.psd
2013.05.14 20:19 B D:\client\gloryplace.com.hk\images\gloryplace.psd <-- Joyce (office) /My documents/boon/client/gloryplace.com.hk/images gloryplace.psd
2013.05.14 20:19 B D:\client\gloryplace.com.hk\images\demo_gloryplace3.psd <-- Joyce (office) /My documents/boon/client/gloryplace.com.hk/images demo_gloryplace3.psd
2013.05.14 20:19 B D:\client\gloryplace.com.hk\images\demo_gloryplace2.psd <-- Joyce (office) /My documents/boon/client/gloryplace.com.hk/images demo_gloryplace2.psd
2013.05.14 20:19 B D:\client\gloryplace.com.hk\images\demo_gloryplace.psd <-- Joyce (office) /My documents/boon/client/gloryplace.com.hk/images demo_gloryplace.psd
2013.05.14 20:19 B D:\client\gloryplace.com.hk\images\bg.psd <-- Joyce (office) /My documents/boon/client/gloryplace.com.hk/images bg.psd
2013.05.14 20:19 B D:\client\gloryplace.com.hk\images\b_service.psd <-- Joyce (office) /My documents/boon/client/gloryplace.com.hk/images b_service.psd
2013.05.14 20:19 B D:\client\gloryplace.com.hk\images\b_home.psd <-- Joyce (office) /My documents/boon/client/gloryplace.com.hk/images b_home.psd
2013.05.14 20:19 B D:\client\gloryplace.com.hk\images\b_contact.psd <-- Joyce (office) /My documents/boon/client/gloryplace.com.hk/images b_contact.psd
2013.05.14 20:19 B D:\client\gloryplace.com.hk\images\b_client.psd <-- Joyce (office) /My documents/boon/client/gloryplace.com.hk/images b_client.psd
2013.05.14 20:19 B D:\client\gloryplace.com.hk\images\b_business.psd <-- Joyce (office) /My documents/boon/client/gloryplace.com.hk/images b_business.psd
2013.05.14 20:19 B D:\client\gloryplace.com.hk\images\b_about.psd <-- Joyce (office) /My documents/boon/client/gloryplace.com.hk/images b_about.psd
2013.05.14 20:25 B D:\client\gloryplace.com.hk\images\logo_sanna.png --> ftp.joyceleung.com /public_html/test1/images logo_sanna.png
2013.05.14 20:25 B D:\client\gloryplace.com.hk\images\logo_webase.png --> ftp.joyceleung.com /public_html/test1/images logo_webase.png
2013.05.14 20:25 B D:\client\gloryplace.com.hk\images\logo_gp.png --> ftp.joyceleung.com /public_html/test1/images logo_gp.png
2013.05.14 20:26 B D:\client\gloryplace.com.hk\images\logo_sanna.png --> ftp.joyceleung.com /public_html/test1/images logo_sanna.png
2013.05.14 20:28 B D:\client\gloryplace.com.hk\images\logo_sanna.png --> ftp.joyceleung.com /public_html/test1/images logo_sanna.png
2013.05.14 20:32 B D:\client\gloryplace.com.hk\images\line.jpg --> ftp.joyceleung.com /public_html/test1/images line.jpg
2013.05.14 20:32 B D:\client\gloryplace.com.hk\images\line.jpg --> ftp.joyceleung.com /public_html/test1/images line.jpg
2013.05.14 21:07 B D:\client\gloryplace.com.hk\images\title_about.png --> ftp.joyceleung.com /public_html/test1/images title_about.png
2013.05.14 21:08 B D:\client\gloryplace.com.hk\images\title_about.png --> ftp.joyceleung.com /public_html/test1/images title_about.png
2013.05.14 21:11 B D:\client\gloryplace.com.hk\images\vert_line.png --> ftp.joyceleung.com /public_html/test1/images vert_line.png
2013.05.14 21:18 B D:\client\gloryplace.com.hk\images\enquiry.png --> ftp.joyceleung.com /public_html/test1/images enquiry.png
2013.05.14 21:20 B D:\client\gloryplace.com.hk\images\enquiry.png --> ftp.joyceleung.com /public_html/test1/images enquiry.png
2013.05.14 21:22 B D:\client\gloryplace.com.hk\images\enquiry.png --> ftp.joyceleung.com /public_html/test1/images enquiry.png
2013.05.14 21:28 B D:\client\gloryplace.com.hk\images\title_business.png --> ftp.joyceleung.com /public_html/test1/images title_business.png
2013.05.14 22:01 B D:\client\gloryplace.com.hk\images\title_service.png --> ftp.joyceleung.com /public_html/test1/images title_service.png
2013.05.14 22:35 B D:\client\gloryplace.com.hk\images\title_contact.png --> ftp.joyceleung.com /public_html/test1/images title_contact.png
2013.05.14 22:48 B D:\client\gloryplace.com.hk\images\business_uc.png --> ftp.joyceleung.com /public_html/test1/images business_uc.png
2013.05.14 22:54 B D:\client\gloryplace.com.hk\images\business_uc.png --> ftp.joyceleung.com /public_html/test1/images business_uc.png
2013.05.14 22:58 B D:\client\gloryplace.com.hk\images\service_outsource.png --> ftp.joyceleung.com /public_html/test1/images service_outsource.png
2013.05.14 23:00 B D:\client\gloryplace.com.hk\images\service_outsource.png --> ftp.joyceleung.com /public_html/test1/images service_outsource.png
2013.05.14 23:09 B D:\client\gloryplace.com.hk\images\vert_line.png --> ftp.gloryplace.com.hk /domains/gloryplace.com.hk/public_html/images vert_line.png
2013.05.14 23:09 B D:\client\gloryplace.com.hk\images\title_who.png --> ftp.gloryplace.com.hk /domains/gloryplace.com.hk/public_html/images title_who.png
2013.05.14 23:09 B D:\client\gloryplace.com.hk\images\title_service.png --> ftp.gloryplace.com.hk /domains/gloryplace.com.hk/public_html/images title_service.png
2013.05.14 23:09 B D:\client\gloryplace.com.hk\images\title_contact.png --> ftp.gloryplace.com.hk /domains/gloryplace.com.hk/public_html/images title_contact.png
2013.05.14 23:09 B D:\client\gloryplace.com.hk\images\title_business.png --> ftp.gloryplace.com.hk /domains/gloryplace.com.hk/public_html/images title_business.png
2013.05.14 23:09 B D:\client\gloryplace.com.hk\images\title_about.png --> ftp.gloryplace.com.hk /domains/gloryplace.com.hk/public_html/images title_about.png
2013.05.14 23:09 B D:\client\gloryplace.com.hk\images\service_outsource.png --> ftp.gloryplace.com.hk /domains/gloryplace.com.hk/public_html/images service_outsource.png
2013.05.14 23:09 B D:\client\gloryplace.com.hk\images\partners_logo.png --> ftp.gloryplace.com.hk /domains/gloryplace.com.hk/public_html/images partners_logo.png
2013.05.14 23:09 B D:\client\gloryplace.com.hk\images\logo_webase.png --> ftp.gloryplace.com.hk /domains/gloryplace.com.hk/public_html/images logo_webase.png
2013.05.14 23:09 B D:\client\gloryplace.com.hk\images\logo_sanna.png --> ftp.gloryplace.com.hk /domains/gloryplace.com.hk/public_html/images logo_sanna.png
2013.05.14 23:09 B D:\client\gloryplace.com.hk\images\logo_gp.png --> ftp.gloryplace.com.hk /domains/gloryplace.com.hk/public_html/images logo_gp.png
2013.05.14 23:09 B D:\client\gloryplace.com.hk\images\logo.png --> ftp.gloryplace.com.hk /domains/gloryplace.com.hk/public_html/images logo.png
2013.05.14 23:09 B D:\client\gloryplace.com.hk\images\index_shadow.png --> ftp.gloryplace.com.hk /domains/gloryplace.com.hk/public_html/images index_shadow.png
2013.05.14 23:09 B D:\client\gloryplace.com.hk\images\index_service.png --> ftp.gloryplace.com.hk /domains/gloryplace.com.hk/public_html/images index_service.png
2013.05.14 23:09 B D:\client\gloryplace.com.hk\images\index_business.png --> ftp.gloryplace.com.hk /domains/gloryplace.com.hk/public_html/images index_business.png
2013.05.14 23:09 B D:\client\gloryplace.com.hk\images\index_banner.png --> ftp.gloryplace.com.hk /domains/gloryplace.com.hk/public_html/images index_banner.png
2013.05.14 23:09 B D:\client\gloryplace.com.hk\images\index_about.png --> ftp.gloryplace.com.hk /domains/gloryplace.com.hk/public_html/images index_about.png
2013.05.14 23:09 B D:\client\gloryplace.com.hk\images\enquiry.png --> ftp.gloryplace.com.hk /domains/gloryplace.com.hk/public_html/images enquiry.png
2013.05.14 23:09 B D:\client\gloryplace.com.hk\images\category38.png --> ftp.gloryplace.com.hk /domains/gloryplace.com.hk/public_html/images category38.png
2013.05.14 23:09 B D:\client\gloryplace.com.hk\images\business_uc.png --> ftp.gloryplace.com.hk /domains/gloryplace.com.hk/public_html/images business_uc.png
2013.05.14 23:09 B D:\client\gloryplace.com.hk\images\bullet_red_cross.png --> ftp.gloryplace.com.hk /domains/gloryplace.com.hk/public_html/images bullet_red_cross.png
2013.05.14 23:09 B D:\client\gloryplace.com.hk\images\bg_footer.png --> ftp.gloryplace.com.hk /domains/gloryplace.com.hk/public_html/images bg_footer.png
2013.05.14 23:09 B D:\client\gloryplace.com.hk\images\bg.png --> ftp.gloryplace.com.hk /domains/gloryplace.com.hk/public_html/images bg.png
2013.05.14 23:09 B D:\client\gloryplace.com.hk\images\b_service_b.png --> ftp.gloryplace.com.hk /domains/gloryplace.com.hk/public_html/images b_service_b.png
2013.05.14 23:09 B D:\client\gloryplace.com.hk\images\b_service_a.png --> ftp.gloryplace.com.hk /domains/gloryplace.com.hk/public_html/images b_service_a.png
2013.05.14 23:09 B D:\client\gloryplace.com.hk\images\b_home_b.png --> ftp.gloryplace.com.hk /domains/gloryplace.com.hk/public_html/images b_home_b.png
2013.05.14 23:09 B D:\client\gloryplace.com.hk\images\b_home_a.png --> ftp.gloryplace.com.hk /domains/gloryplace.com.hk/public_html/images b_home_a.png
2013.05.14 23:09 B D:\client\gloryplace.com.hk\images\b_contact_b.png --> ftp.gloryplace.com.hk /domains/gloryplace.com.hk/public_html/images b_contact_b.png
2013.05.14 23:09 B D:\client\gloryplace.com.hk\images\b_contact_a.png --> ftp.gloryplace.com.hk /domains/gloryplace.com.hk/public_html/images b_contact_a.png
2013.05.14 23:09 B D:\client\gloryplace.com.hk\images\b_client_b.png --> ftp.gloryplace.com.hk /domains/gloryplace.com.hk/public_html/images b_client_b.png
2013.05.14 23:09 B D:\client\gloryplace.com.hk\images\b_client_a.png --> ftp.gloryplace.com.hk /domains/gloryplace.com.hk/public_html/images b_client_a.png
2013.05.14 23:09 B D:\client\gloryplace.com.hk\images\b_business_b.png --> ftp.gloryplace.com.hk /domains/gloryplace.com.hk/public_html/images b_business_b.png
2013.05.14 23:09 B D:\client\gloryplace.com.hk\images\b_business_a.png --> ftp.gloryplace.com.hk /domains/gloryplace.com.hk/public_html/images b_business_a.png
2013.05.14 23:09 B D:\client\gloryplace.com.hk\images\b_about_b.png --> ftp.gloryplace.com.hk /domains/gloryplace.com.hk/public_html/images b_about_b.png
2013.05.14 23:09 B D:\client\gloryplace.com.hk\images\b_about_a.png --> ftp.gloryplace.com.hk /domains/gloryplace.com.hk/public_html/images b_about_a.png
